<?xml version="1.0" encoding="UTF-8"?>
<!-- Generated by org.testng.reporters.JUnitXMLReporter -->
<testsuite hostname="sphkrd05" ignored="4" name="Test" tests="28" failures="1" timestamp="2020-07-30T12:44:25 CST" time="757.536" errors="0">
  <testcase name="TestCase_001_Click_Shop_Group_Management" time="16.99" classname="TestScript.RegressionTest"/>
  <testcase name="TestCase_002_Shop_Group_Management_DownloadPDF" time="9.654" classname="TestScript.RegressionTest"/>
  <testcase name="TestCase_003_Shop_Group_Management_DownloadExcel" time="9.491" classname="TestScript.RegressionTest"/>
  <testcase name="TestCase_004_Shop_List_Verify_TradingName01" time="9.747" classname="TestScript.RegressionTest"/>
  <testcase name="TestCase_005_Shop_List_Verify_TradingName02" time="9.684" classname="TestScript.RegressionTest"/>
  <testcase name="TestCase_006_Create_Shop_list" time="90.287" classname="TestScript.RegressionTest"/>
  <testcase name="TestCase_006_Create_Shop_list" time="90.186" classname="TestScript.RegressionTest"/>
  <testcase name="TestCase_007_PointSchemeShopList" time="42.707" classname="TestScript.RegressionTest"/>
  <testcase name="TestCase_008_PointSchemeUpdateShopList" time="37.864" classname="TestScript.RegressionTest"/>
  <testcase name="TestCase_009_shopListAdvSearch" time="31.902" classname="TestScript.RegressionTest"/>
  <testcase name="TestCase_010_shop_List_DownloadPDF" time="8.153" classname="TestScript.RegressionTest"/>
  <testcase name="TestCase_011_shop_List_DownloadExcel" time="8.525" classname="TestScript.RegressionTest"/>
  <testcase name="TestCase_012_CreateTerminal" time="21.715" classname="TestScript.RegressionTest"/>
  <testcase name="TestCase_013_TerminalSearch" time="24.556" classname="TestScript.RegressionTest"/>
  <testcase name="TestCase_014_TerminalDownloadPDF" time="7.237" classname="TestScript.RegressionTest"/>
  <testcase name="TestCase_015_TerminalDownloadExcel" time="6.482" classname="TestScript.RegressionTest"/>
  <testcase name="TestCase_016_UserGroupPermission_Internal" time="25.21" classname="TestScript.RegressionTestThree"/>
  <testcase name="TestCase_017_UserGroupPermission_Merchant" time="25.008" classname="TestScript.RegressionTestThree"/>
  <testcase name="TestCase_018_UserListForSetting_CreateMerchant" time="37.884" classname="TestScript.RegressionTestThree"/>
  <testcase name="TestCase_019_UserListForSetting_CreateInternal" time="26.459" classname="TestScript.RegressionTestThree"/>
  <testcase name="TestCase_020_Transactions" time="41.666" classname="TestScript.RegressionTestThree"/>
  <testcase name="TestCase_021_TransactionsDownloadPDF" time="3.743" classname="TestScript.RegressionTestThree"/>
  <testcase name="TestCase_022_TransactionsDownloadExcel" time="3.189" classname="TestScript.RegressionTestThree"/>
  <testcase name="TestCase_023_MonthlyReport" time="16.556" classname="TestScript.RegressionTestThree">
    <failure type="org.openqa.selenium.NoSuchElementException" message="Cannot locate option with index: 8
For documentation on this error, please visit: https://www.seleniumhq.org/exceptions/no_such_element.html
Build info: version: &amp;apos;3.141.59&amp;apos;, revision: &amp;apos;e82be7d358&amp;apos;, time: &amp;apos;2018-11-14T08:17:03&amp;apos;
System info: host: &amp;apos;SPHKRD05&amp;apos;, ip: &amp;apos;10.1.6.189&amp;apos;, os.name: &amp;apos;Windows 10&amp;apos;, os.arch: &amp;apos;amd64&amp;apos;, os.version: &amp;apos;10.0&amp;apos;, java.version: &amp;apos;1.8.0_251&amp;apos;
Driver info: driver.version: unknown">
      <![CDATA[org.openqa.selenium.NoSuchElementException: Cannot locate option with index: 8
For documentation on this error, please visit: https://www.seleniumhq.org/exceptions/no_such_element.html
Build info: version: '3.141.59', revision: 'e82be7d358', time: '2018-11-14T08:17:03'
System info: host: 'SPHKRD05', ip: '10.1.6.189', os.name: 'Windows 10', os.arch: 'amd64', os.version: '10.0', java.version: '1.8.0_251'
Driver info: driver.version: unknown
at org.openqa.selenium.support.ui.Select.setSelectedByIndex(Select.java:297)
at org.openqa.selenium.support.ui.Select.selectByIndex(Select.java:172)
at DashBoard.MonthlyReport.ReportMonthly(MonthlyReport.java:79)
at TestScript.RegressionTestThree.TestCase_023_MonthlyReport(RegressionTestThree.java:93)
at java.util.ArrayList.forEach(ArrayList.java:1257)
... Removed 27 stack frames]]>
    </failure>
  </testcase> <!-- TestCase_023_MonthlyReport -->
  <testcase name="TestCase_026_DailyReport" time="26.575" classname="TestScript.RegressionTestThree"/>
  <testcase name="TestCase_030_ShopGroupDelete" time="22.083" classname="TestScript.RegressionTestThree"/>
  <testcase name="TestCase_031_ShopListDelete" time="70.212" classname="TestScript.RegressionTestThree"/>
  <testcase name="TestCase_032_DeleteOthers" time="19.041" classname="TestScript.RegressionTestThree"/>
  <testcase name="TestCase_027_DailyReportPDF" time="0.0" classname="TestScript.RegressionTestThree">
    <ignored/>
  </testcase> <!-- TestCase_027_DailyReportPDF -->
  <testcase name="TestCase_028_DailyReportExcel" time="0.0" classname="TestScript.RegressionTestThree">
    <ignored/>
  </testcase> <!-- TestCase_028_DailyReportExcel -->
  <testcase name="TestCase_024_MonthlyReportPDF" time="0.0" classname="TestScript.RegressionTestThree">
    <ignored/>
  </testcase> <!-- TestCase_024_MonthlyReportPDF -->
  <testcase name="TestCase_025_MonthlyReportExcel" time="0.0" classname="TestScript.RegressionTestThree">
    <ignored/>
  </testcase> <!-- TestCase_025_MonthlyReportExcel -->
</testsuite> <!-- Test -->
