<?xml version="1.0" encoding="UTF-8"?>
<!-- Generated by org.testng.reporters.JUnitXMLReporter -->
<testsuite hostname="sphkrd05" ignored="5" name="Test" tests="28" failures="0" timestamp="2020-08-12T13:52:17 CST" time="879.096" errors="0">
  <testcase name="TestCase_001_Click_Shop_Group_Management" time="43.328" classname="TestScript.RegressionTest"/>
  <testcase name="TestCase_002_Shop_Group_Management_DownloadPDF" time="9.701" classname="TestScript.RegressionTest"/>
  <testcase name="TestCase_003_Shop_Group_Management_DownloadExcel" time="9.465" classname="TestScript.RegressionTest"/>
  <testcase name="TestCase_004_Shop_List_Verify_TradingName01" time="9.797" classname="TestScript.RegressionTest"/>
  <testcase name="TestCase_005_Shop_List_Verify_TradingName02" time="9.685" classname="TestScript.RegressionTest"/>
  <testcase name="TestCase_006_Create_Shop_list" time="90.143" classname="TestScript.RegressionTest"/>
  <testcase name="TestCase_006_Create_Shop_list" time="89.853" classname="TestScript.RegressionTest"/>
  <testcase name="TestCase_007_PointSchemeShopList" time="47.497" classname="TestScript.RegressionTest"/>
  <testcase name="TestCase_008_PointSchemeUpdateShopList" time="37.647" classname="TestScript.RegressionTest"/>
  <testcase name="TestCase_009_shopListAdvSearch" time="31.58" classname="TestScript.RegressionTest"/>
  <testcase name="TestCase_010_shop_List_DownloadPDF" time="8.046" classname="TestScript.RegressionTest"/>
  <testcase name="TestCase_011_shop_List_DownloadExcel" time="8.492" classname="TestScript.RegressionTest"/>
  <testcase name="TestCase_012_CreateTerminal" time="21.932" classname="TestScript.RegressionTest"/>
  <testcase name="TestCase_013_TerminalSearch" time="24.93" classname="TestScript.RegressionTest"/>
  <testcase name="TestCase_014_TerminalDownloadPDF" time="7.566" classname="TestScript.RegressionTest"/>
  <testcase name="TestCase_015_TerminalDownloadExcel" time="6.871" classname="TestScript.RegressionTest"/>
  <testcase name="TestCase_016_UserGroupPermission_Internal" time="30.078" classname="TestScript.RegressionTestThree"/>
  <testcase name="TestCase_017_UserGroupPermission_Merchant" time="24.995" classname="TestScript.RegressionTestThree"/>
  <testcase name="TestCase_018_UserListForSetting_CreateMerchant" time="37.63" classname="TestScript.RegressionTestThree"/>
  <testcase name="TestCase_019_UserListForSetting_CreateInternal" time="26.341" classname="TestScript.RegressionTestThree"/>
  <testcase name="TestCase_020_Transactions" time="41.259" classname="TestScript.RegressionTestThree"/>
  <testcase name="TestCase_021_TransactionsDownloadPDF" time="3.604" classname="TestScript.RegressionTestThree"/>
  <testcase name="TestCase_022_TransactionsDownloadExcel" time="3.121" classname="TestScript.RegressionTestThree"/>
  <testcase name="TestCase_023_MonthlyReport" time="27.461" classname="TestScript.RegressionTestThree"/>
  <testcase name="TestCase_030_ShopGroupDelete" time="21.968" classname="TestScript.RegressionTestThree"/>
  <testcase name="TestCase_032_DeleteOthers" time="19.301" classname="TestScript.RegressionTestThree"/>
  <testcase name="TestCase_033_DeleteSetting" time="97.921" classname="TestScript.RegressionTestThree"/>
  <testcase name="TestCase_031_ShopListDelete" time="69.421" classname="TestScript.RegressionTestThree"/>
  <testcase name="TestCase_027_DailyReportPDF" time="0.0" classname="TestScript.RegressionTestThree">
    <ignored/>
  </testcase> <!-- TestCase_027_DailyReportPDF -->
  <testcase name="TestCase_028_DailyReportExcel" time="0.0" classname="TestScript.RegressionTestThree">
    <ignored/>
  </testcase> <!-- TestCase_028_DailyReportExcel -->
  <testcase name="TestCase_026_DailyReport" time="0.0" classname="TestScript.RegressionTestThree">
    <ignored/>
  </testcase> <!-- TestCase_026_DailyReport -->
  <testcase name="TestCase_024_MonthlyReportPDF" time="0.0" classname="TestScript.RegressionTestThree">
    <ignored/>
  </testcase> <!-- TestCase_024_MonthlyReportPDF -->
  <testcase name="TestCase_025_MonthlyReportExcel" time="0.0" classname="TestScript.RegressionTestThree">
    <ignored/>
  </testcase> <!-- TestCase_025_MonthlyReportExcel -->
</testsuite> <!-- Test -->
