<?xml version="1.0" encoding="UTF-8"?>
<!-- Generated by org.testng.reporters.JUnitXMLReporter -->
<testsuite hostname="sphkrd05" ignored="4" name="Test" tests="12" failures="0" timestamp="2020-07-28T17:30:15 CST" time="308.984" errors="0">
  <testcase name="TestCase_016_UserGroupPermission_Internal" time="21.856" classname="TestScript.RegressionTestThree"/>
  <testcase name="TestCase_017_UserGroupPermission_Merchant" time="21.929" classname="TestScript.RegressionTestThree"/>
  <testcase name="TestCase_018_UserListForSetting_CreateMerchant" time="32.51" classname="TestScript.RegressionTestThree"/>
  <testcase name="TestCase_019_UserListForSetting_CreateInternal" time="24.292" classname="TestScript.RegressionTestThree"/>
  <testcase name="TestCase_020_Transactions" time="41.361" classname="TestScript.RegressionTestThree"/>
  <testcase name="TestCase_021_TransactionsDownloadPDF" time="3.702" classname="TestScript.RegressionTestThree"/>
  <testcase name="TestCase_022_TransactionsDownloadExcel" time="3.135" classname="TestScript.RegressionTestThree"/>
  <testcase name="TestCase_023_MonthlyReport" time="21.601" classname="TestScript.RegressionTestThree"/>
  <testcase name="TestCase_026_DailyReport" time="26.422" classname="TestScript.RegressionTestThree"/>
  <testcase name="TestCase_030_ShopGroupDelete" time="21.991" classname="TestScript.RegressionTestThree"/>
  <testcase name="TestCase_031_ShopListDelete" time="69.304" classname="TestScript.RegressionTestThree"/>
  <testcase name="TestCase_032_DeleteOthers" time="14.113" classname="TestScript.RegressionTestThree"/>
  <testcase name="TestCase_027_DailyReportPDF" time="0.0" classname="TestScript.RegressionTestThree">
    <ignored/>
  </testcase> <!-- TestCase_027_DailyReportPDF -->
  <testcase name="TestCase_028_DailyReportExcel" time="0.0" classname="TestScript.RegressionTestThree">
    <ignored/>
  </testcase> <!-- TestCase_028_DailyReportExcel -->
  <testcase name="TestCase_024_MonthlyReportPDF" time="0.0" classname="TestScript.RegressionTestThree">
    <ignored/>
  </testcase> <!-- TestCase_024_MonthlyReportPDF -->
  <testcase name="TestCase_025_MonthlyReportExcel" time="0.0" classname="TestScript.RegressionTestThree">
    <ignored/>
  </testcase> <!-- TestCase_025_MonthlyReportExcel -->
</testsuite> <!-- Test -->
