<?xml version="1.0" encoding="UTF-8"?>
<!-- Generated by org.testng.reporters.JUnitXMLReporter -->
<testsuite hostname="sphkrd05" ignored="14" name="Test" tests="1" failures="1" timestamp="2020-07-30T15:19:07 CST" time="41.949" errors="0">
  <testcase name="TestCase_002_Shop_Group_Management_DownloadPDF" time="34.142" classname="TestScript.RegressionTest">
    <failure type="org.openqa.selenium.ElementNotInteractableException" message="element not interactable
  (Session info: chrome=84.0.4147.89)
Build info: version: &amp;apos;3.141.59&amp;apos;, revision: &amp;apos;e82be7d358&amp;apos;, time: &amp;apos;2018-11-14T08:17:03&amp;apos;
System info: host: &amp;apos;SPHKRD05&amp;apos;, ip: &amp;apos;10.1.6.189&amp;apos;, os.name: &amp;apos;Windows 10&amp;apos;, os.arch: &amp;apos;amd64&amp;apos;, os.version: &amp;apos;10.0&amp;apos;, java.version: &amp;apos;1.8.0_251&amp;apos;
Driver info: org.openqa.selenium.chrome.ChromeDriver
Capabilities {acceptInsecureCerts: false, browserName: chrome, browserVersion: 84.0.4147.89, chrome: {chromedriverVersion: 83.0.4103.39 (ccbf011cb2d2b..., userDataDir: C:\Users\abhishek.g\AppData...}, goog:chromeOptions: {debuggerAddress: localhost:58609}, javascriptEnabled: true, networkConnectionEnabled: false, pageLoadStrategy: normal, platform: WINDOWS, platformName: WINDOWS, proxy: Proxy(), setWindowRect: true, strictFileInteractability: false, timeouts: {implicit: 0, pageLoad: 300000, script: 30000}, unhandledPromptBehavior: dismiss and notify, webauthn:virtualAuthenticators: true}
Session ID: b6568b3a017a6c8fe4a2b8c48ff50817">
      <![CDATA[org.openqa.selenium.ElementNotInteractableException: element not interactable
  (Session info: chrome=84.0.4147.89)
Build info: version: '3.141.59', revision: 'e82be7d358', time: '2018-11-14T08:17:03'
System info: host: 'SPHKRD05', ip: '10.1.6.189', os.name: 'Windows 10', os.arch: 'amd64', os.version: '10.0', java.version: '1.8.0_251'
Driver info: org.openqa.selenium.chrome.ChromeDriver
Capabilities {acceptInsecureCerts: false, browserName: chrome, browserVersion: 84.0.4147.89, chrome: {chromedriverVersion: 83.0.4103.39 (ccbf011cb2d2b..., userDataDir: C:\Users\abhishek.g\AppData...}, goog:chromeOptions: {debuggerAddress: localhost:58609}, javascriptEnabled: true, networkConnectionEnabled: false, pageLoadStrategy: normal, platform: WINDOWS, platformName: WINDOWS, proxy: Proxy(), setWindowRect: true, strictFileInteractability: false, timeouts: {implicit: 0, pageLoad: 300000, script: 30000}, unhandledPromptBehavior: dismiss and notify, webauthn:virtualAuthenticators: true}
Session ID: b6568b3a017a6c8fe4a2b8c48ff50817
at org.openqa.selenium.remote.http.W3CHttpResponseCodec.createException(W3CHttpResponseCodec.java:187)
at org.openqa.selenium.remote.http.W3CHttpResponseCodec.decode(W3CHttpResponseCodec.java:122)
at org.openqa.selenium.remote.http.W3CHttpResponseCodec.decode(W3CHttpResponseCodec.java:49)
at org.openqa.selenium.remote.HttpCommandExecutor.execute(HttpCommandExecutor.java:158)
at org.openqa.selenium.remote.service.DriverCommandExecutor.execute(DriverCommandExecutor.java:83)
at org.openqa.selenium.remote.RemoteWebDriver.execute(RemoteWebDriver.java:552)
at org.openqa.selenium.remote.RemoteWebElement.execute(RemoteWebElement.java:285)
at org.openqa.selenium.remote.RemoteWebElement.click(RemoteWebElement.java:84)
at DashBoard.ShopGroupManagement.GroupDownloadPDF(ShopGroupManagement.java:191)
at TestScript.RegressionTest.TestCase_002_Shop_Group_Management_DownloadPDF(RegressionTest.java:45)
at java.util.ArrayList.forEach(ArrayList.java:1257)
... Removed 31 stack frames]]>
    </failure>
  </testcase> <!-- TestCase_002_Shop_Group_Management_DownloadPDF -->
  <testcase name="TestCase_008_PointSchemeUpdateShopList" time="0.0" classname="TestScript.RegressionTest">
    <ignored/>
  </testcase> <!-- TestCase_008_PointSchemeUpdateShopList -->
  <testcase name="TestCase_015_TerminalDownloadExcel" time="0.0" classname="TestScript.RegressionTest">
    <ignored/>
  </testcase> <!-- TestCase_015_TerminalDownloadExcel -->
  <testcase name="TestCase_006_Create_Shop_list" time="0.0" classname="TestScript.RegressionTest">
    <ignored/>
  </testcase> <!-- TestCase_006_Create_Shop_list -->
  <testcase name="TestCase_004_Shop_List_Verify_TradingName01" time="0.0" classname="TestScript.RegressionTest">
    <ignored/>
  </testcase> <!-- TestCase_004_Shop_List_Verify_TradingName01 -->
  <testcase name="TestCase_001_Click_Shop_Group_Management" time="0.0" classname="TestScript.RegressionTest">
    <ignored/>
  </testcase> <!-- TestCase_001_Click_Shop_Group_Management -->
  <testcase name="TestCase_003_Shop_Group_Management_DownloadExcel" time="0.0" classname="TestScript.RegressionTest">
    <ignored/>
  </testcase> <!-- TestCase_003_Shop_Group_Management_DownloadExcel -->
  <testcase name="TestCase_012_CreateTerminal" time="0.0" classname="TestScript.RegressionTest">
    <ignored/>
  </testcase> <!-- TestCase_012_CreateTerminal -->
  <testcase name="TestCase_010_shop_List_DownloadPDF" time="0.0" classname="TestScript.RegressionTest">
    <ignored/>
  </testcase> <!-- TestCase_010_shop_List_DownloadPDF -->
  <testcase name="TestCase_011_shop_List_DownloadExcel" time="0.0" classname="TestScript.RegressionTest">
    <ignored/>
  </testcase> <!-- TestCase_011_shop_List_DownloadExcel -->
  <testcase name="TestCase_013_TerminalSearch" time="0.0" classname="TestScript.RegressionTest">
    <ignored/>
  </testcase> <!-- TestCase_013_TerminalSearch -->
  <testcase name="TestCase_005_Shop_List_Verify_TradingName02" time="0.0" classname="TestScript.RegressionTest">
    <ignored/>
  </testcase> <!-- TestCase_005_Shop_List_Verify_TradingName02 -->
  <testcase name="TestCase_009_shopListAdvSearch" time="0.0" classname="TestScript.RegressionTest">
    <ignored/>
  </testcase> <!-- TestCase_009_shopListAdvSearch -->
  <testcase name="TestCase_007_PointSchemeShopList" time="0.0" classname="TestScript.RegressionTest">
    <ignored/>
  </testcase> <!-- TestCase_007_PointSchemeShopList -->
  <testcase name="TestCase_014_TerminalDownloadPDF" time="0.0" classname="TestScript.RegressionTest">
    <ignored/>
  </testcase> <!-- TestCase_014_TerminalDownloadPDF -->
</testsuite> <!-- Test -->
