<?xml version="1.0" encoding="UTF-8"?>
<!-- Generated by org.testng.reporters.JUnitXMLReporter -->
<testsuite hostname="sphkrd05" ignored="16" name="Test" tests="1" failures="1" timestamp="2020-07-30T17:54:48 CST" time="50.751" errors="0">
  <testcase name="TestCase_033_DeleteSetting" time="43.597" classname="TestScript.RegressionTestThree">
    <failure type="org.openqa.selenium.ElementNotInteractableException" message="element not interactable
  (Session info: chrome=84.0.4147.89)
Build info: version: &amp;apos;3.141.59&amp;apos;, revision: &amp;apos;e82be7d358&amp;apos;, time: &amp;apos;2018-11-14T08:17:03&amp;apos;
System info: host: &amp;apos;SPHKRD05&amp;apos;, ip: &amp;apos;10.1.6.189&amp;apos;, os.name: &amp;apos;Windows 10&amp;apos;, os.arch: &amp;apos;amd64&amp;apos;, os.version: &amp;apos;10.0&amp;apos;, java.version: &amp;apos;1.8.0_251&amp;apos;
Driver info: org.openqa.selenium.chrome.ChromeDriver
Capabilities {acceptInsecureCerts: false, browserName: chrome, browserVersion: 84.0.4147.89, chrome: {chromedriverVersion: 83.0.4103.39 (ccbf011cb2d2b..., userDataDir: C:\Users\abhishek.g\AppData...}, goog:chromeOptions: {debuggerAddress: localhost:64072}, javascriptEnabled: true, networkConnectionEnabled: false, pageLoadStrategy: normal, platform: WINDOWS, platformName: WINDOWS, proxy: Proxy(), setWindowRect: true, strictFileInteractability: false, timeouts: {implicit: 0, pageLoad: 300000, script: 30000}, unhandledPromptBehavior: dismiss and notify, webauthn:virtualAuthenticators: true}
Session ID: 4273e560e352af3f2f9d87f28724bcf7">
      <![CDATA[org.openqa.selenium.ElementNotInteractableException: element not interactable
  (Session info: chrome=84.0.4147.89)
Build info: version: '3.141.59', revision: 'e82be7d358', time: '2018-11-14T08:17:03'
System info: host: 'SPHKRD05', ip: '10.1.6.189', os.name: 'Windows 10', os.arch: 'amd64', os.version: '10.0', java.version: '1.8.0_251'
Driver info: org.openqa.selenium.chrome.ChromeDriver
Capabilities {acceptInsecureCerts: false, browserName: chrome, browserVersion: 84.0.4147.89, chrome: {chromedriverVersion: 83.0.4103.39 (ccbf011cb2d2b..., userDataDir: C:\Users\abhishek.g\AppData...}, goog:chromeOptions: {debuggerAddress: localhost:64072}, javascriptEnabled: true, networkConnectionEnabled: false, pageLoadStrategy: normal, platform: WINDOWS, platformName: WINDOWS, proxy: Proxy(), setWindowRect: true, strictFileInteractability: false, timeouts: {implicit: 0, pageLoad: 300000, script: 30000}, unhandledPromptBehavior: dismiss and notify, webauthn:virtualAuthenticators: true}
Session ID: 4273e560e352af3f2f9d87f28724bcf7
at org.openqa.selenium.remote.http.W3CHttpResponseCodec.createException(W3CHttpResponseCodec.java:187)
at org.openqa.selenium.remote.http.W3CHttpResponseCodec.decode(W3CHttpResponseCodec.java:122)
at org.openqa.selenium.remote.http.W3CHttpResponseCodec.decode(W3CHttpResponseCodec.java:49)
at org.openqa.selenium.remote.HttpCommandExecutor.execute(HttpCommandExecutor.java:158)
at org.openqa.selenium.remote.service.DriverCommandExecutor.execute(DriverCommandExecutor.java:83)
at org.openqa.selenium.remote.RemoteWebDriver.execute(RemoteWebDriver.java:552)
at org.openqa.selenium.remote.RemoteWebElement.execute(RemoteWebElement.java:285)
at org.openqa.selenium.remote.RemoteWebElement.click(RemoteWebElement.java:84)
at DashBoard.UserListForSetting.DeleteuserListMerchant(UserListForSetting.java:117)
at TestScript.RegressionTestThree.TestCase_033_DeleteSetting(RegressionTestThree.java:185)
at java.util.ArrayList.forEach(ArrayList.java:1257)
... Removed 31 stack frames]]>
    </failure>
  </testcase> <!-- TestCase_033_DeleteSetting -->
  <testcase name="TestCase_027_DailyReportPDF" time="0.0" classname="TestScript.RegressionTestThree">
    <ignored/>
  </testcase> <!-- TestCase_027_DailyReportPDF -->
  <testcase name="TestCase_031_ShopListDelete" time="0.0" classname="TestScript.RegressionTestThree">
    <ignored/>
  </testcase> <!-- TestCase_031_ShopListDelete -->
  <testcase name="TestCase_022_TransactionsDownloadExcel" time="0.0" classname="TestScript.RegressionTestThree">
    <ignored/>
  </testcase> <!-- TestCase_022_TransactionsDownloadExcel -->
  <testcase name="TestCase_019_UserListForSetting_CreateInternal" time="0.0" classname="TestScript.RegressionTestThree">
    <ignored/>
  </testcase> <!-- TestCase_019_UserListForSetting_CreateInternal -->
  <testcase name="TestCase_018_UserListForSetting_CreateMerchant" time="0.0" classname="TestScript.RegressionTestThree">
    <ignored/>
  </testcase> <!-- TestCase_018_UserListForSetting_CreateMerchant -->
  <testcase name="TestCase_030_ShopGroupDelete" time="0.0" classname="TestScript.RegressionTestThree">
    <ignored/>
  </testcase> <!-- TestCase_030_ShopGroupDelete -->
  <testcase name="TestCase_017_UserGroupPermission_Merchant" time="0.0" classname="TestScript.RegressionTestThree">
    <ignored/>
  </testcase> <!-- TestCase_017_UserGroupPermission_Merchant -->
  <testcase name="TestCase_023_MonthlyReport" time="0.0" classname="TestScript.RegressionTestThree">
    <ignored/>
  </testcase> <!-- TestCase_023_MonthlyReport -->
  <testcase name="TestCase_016_UserGroupPermission_Internal" time="0.0" classname="TestScript.RegressionTestThree">
    <ignored/>
  </testcase> <!-- TestCase_016_UserGroupPermission_Internal -->
  <testcase name="TestCase_028_DailyReportExcel" time="0.0" classname="TestScript.RegressionTestThree">
    <ignored/>
  </testcase> <!-- TestCase_028_DailyReportExcel -->
  <testcase name="TestCase_020_Transactions" time="0.0" classname="TestScript.RegressionTestThree">
    <ignored/>
  </testcase> <!-- TestCase_020_Transactions -->
  <testcase name="TestCase_032_DeleteOthers" time="0.0" classname="TestScript.RegressionTestThree">
    <ignored/>
  </testcase> <!-- TestCase_032_DeleteOthers -->
  <testcase name="TestCase_026_DailyReport" time="0.0" classname="TestScript.RegressionTestThree">
    <ignored/>
  </testcase> <!-- TestCase_026_DailyReport -->
  <testcase name="TestCase_021_TransactionsDownloadPDF" time="0.0" classname="TestScript.RegressionTestThree">
    <ignored/>
  </testcase> <!-- TestCase_021_TransactionsDownloadPDF -->
  <testcase name="TestCase_024_MonthlyReportPDF" time="0.0" classname="TestScript.RegressionTestThree">
    <ignored/>
  </testcase> <!-- TestCase_024_MonthlyReportPDF -->
  <testcase name="TestCase_025_MonthlyReportExcel" time="0.0" classname="TestScript.RegressionTestThree">
    <ignored/>
  </testcase> <!-- TestCase_025_MonthlyReportExcel -->
</testsuite> <!-- Test -->
