<?xml version="1.0" encoding="UTF-8"?>
<!-- Generated by org.testng.reporters.JUnitXMLReporter -->
<testsuite hostname="sphkrd05" ignored="10" name="Test" tests="3" failures="1" timestamp="2020-07-27T12:49:22 CST" time="61.761" errors="0">
  <testcase name="TestCase_023_MonthlyReport" time="22.573" classname="TestScript.RegressionTestThree"/>
  <testcase name="TestCase_024_MonthlyReportPDF" time="13.441" classname="TestScript.RegressionTestThree"/>
  <testcase name="TestCase_025_MonthlyReportExcel" time="5.104" classname="TestScript.RegressionTestThree">
    <failure type="java.lang.AssertionError" message="Failed to download Expected document expected [true] but found [false]">
      <![CDATA[java.lang.AssertionError: Failed to download Expected document expected [true] but found [false]
at DashBoard.MonthlyReport.ReportDownloadExcel(MonthlyReport.java:124)
at TestScript.RegressionTestThree.TestCase_025_MonthlyReportExcel(RegressionTestThree.java:112)
at java.util.ArrayList.forEach(ArrayList.java:1257)
... Removed 30 stack frames]]>
    </failure>
  </testcase> <!-- TestCase_025_MonthlyReportExcel -->
  <testcase name="TestCase_016_UserGroupPermission_Internal" time="0.0" classname="TestScript.RegressionTestThree">
    <ignored/>
  </testcase> <!-- TestCase_016_UserGroupPermission_Internal -->
  <testcase name="TestCase_031_ShopListDelete" time="0.0" classname="TestScript.RegressionTestThree">
    <ignored/>
  </testcase> <!-- TestCase_031_ShopListDelete -->
  <testcase name="TestCase_020_Transactions" time="0.0" classname="TestScript.RegressionTestThree">
    <ignored/>
  </testcase> <!-- TestCase_020_Transactions -->
  <testcase name="TestCase_032_DeleteOthers" time="0.0" classname="TestScript.RegressionTestThree">
    <ignored/>
  </testcase> <!-- TestCase_032_DeleteOthers -->
  <testcase name="TestCase_019_UserListForSetting_CreateInternal" time="0.0" classname="TestScript.RegressionTestThree">
    <ignored/>
  </testcase> <!-- TestCase_019_UserListForSetting_CreateInternal -->
  <testcase name="TestCase_022_TransactionsDownloadExcel" time="0.0" classname="TestScript.RegressionTestThree">
    <ignored/>
  </testcase> <!-- TestCase_022_TransactionsDownloadExcel -->
  <testcase name="TestCase_018_UserListForSetting_CreateMerchant" time="0.0" classname="TestScript.RegressionTestThree">
    <ignored/>
  </testcase> <!-- TestCase_018_UserListForSetting_CreateMerchant -->
  <testcase name="TestCase_021_TransactionsDownloadPDF" time="0.0" classname="TestScript.RegressionTestThree">
    <ignored/>
  </testcase> <!-- TestCase_021_TransactionsDownloadPDF -->
  <testcase name="TestCase_030_ShopGroupDelete" time="0.0" classname="TestScript.RegressionTestThree">
    <ignored/>
  </testcase> <!-- TestCase_030_ShopGroupDelete -->
  <testcase name="TestCase_017_UserGroupPermission_Merchant" time="0.0" classname="TestScript.RegressionTestThree">
    <ignored/>
  </testcase> <!-- TestCase_017_UserGroupPermission_Merchant -->
</testsuite> <!-- Test -->
