<?xml version="1.0" encoding="UTF-8"?>
<!-- Generated by org.testng.reporters.JUnitXMLReporter -->
<testsuite hostname="sphkrd05" ignored="6" name="Test" tests="53" failures="0" timestamp="2020-09-10T16:19:05 CST" time="1129.303" errors="0">
  <testcase name="TestCase_001_Click_Shop_Group_Management" time="44.129" classname="TestScript.ShopGroupManagementTest"/>
  <testcase name="TestCase_002_Shop_Group_Management_DownloadPDF" time="9.718" classname="TestScript.ShopGroupManagementTest"/>
  <testcase name="TestCase_003_Shop_Group_Management_DownloadExcel" time="9.513" classname="TestScript.ShopGroupManagementTest"/>
  <testcase name="TestCase_004_Shop_Group_AdvancedSearch" time="15.851" classname="TestScript.ShopGroupManagementTest"/>
  <testcase name="TestCase_005_Shop_Group_NameSearch" time="14.751" classname="TestScript.ShopGroupManagementTest"/>
  <testcase name="TestCase_006_Shop_List_Verify_TradingName01" time="22.679" classname="TestScript.ShopList"/>
  <testcase name="TestCase_007_Shop_List_Verify_TradingName02" time="19.763" classname="TestScript.ShopList"/>
  <testcase name="TestCase_008_Create_Shop_list" time="46.138" classname="TestScript.ShopList"/>
  <testcase name="TestCase_008_Create_Shop_list" time="46.17" classname="TestScript.ShopList"/>
  <testcase name="TestCase_009_PointSchemeShopList" time="67.503" classname="TestScript.ShopList"/>
  <testcase name="TestCase_011_shopListAdvSearch" time="45.052" classname="TestScript.ShopList"/>
  <testcase name="TestCase_012_shop_List_DownloadPDF" time="18.644" classname="TestScript.ShopList"/>
  <testcase name="TestCase_013_shop_List_DownloadExcel" time="18.637" classname="TestScript.ShopList"/>
  <testcase name="TestCase_014_ShopImportExcel" time="46.074" classname="TestScript.ShopImportExcel"/>
  <testcase name="TestCase_015_ShopListSearchSID" time="66.905" classname="TestScript.ShopListSearchTest"/>
  <testcase name="TestCase_016_PortallogonAuditLog" time="17.934" classname="TestScript.TerminalTest"/>
  <testcase name="TestCase_017_CreateTerminal" time="25.764" classname="TestScript.TerminalTest"/>
  <testcase name="TestCase_018_TerminalAdvancedSearch" time="18.317" classname="TestScript.TerminalTest"/>
  <testcase name="TestCase_019_TerminalDownloadPDF" time="7.195" classname="TestScript.TerminalTest"/>
  <testcase name="TestCase_020_TerminalDownloadExcel" time="6.504" classname="TestScript.TerminalTest"/>
  <testcase name="TestCase_021_TerminalSearch" time="7.787" classname="TestScript.TerminalTest"/>
  <testcase name="TestCase_022_Transactions" time="43.405" classname="TestScript.Transaction"/>
  <testcase name="TestCase_023_TransactionsSearch" time="7.187" classname="TestScript.Transaction"/>
  <testcase name="TestCase_024_TransactionsDownloadPDF" time="3.238" classname="TestScript.Transaction"/>
  <testcase name="TestCase_025_TransactionsDownloadExcel" time="3.083" classname="TestScript.Transaction"/>
  <testcase name="TestCase_025_MonthlyReport" time="27.246" classname="TestScript.Reports"/>
  <testcase name="TestCase_026_MonthlyReportSearch" time="7.402" classname="TestScript.Reports"/>
  <testcase name="TestCase_027_MonthlyReportPDF" time="13.201" classname="TestScript.Reports"/>
  <testcase name="TestCase_028_MonthlyReportExcel" time="5.084" classname="TestScript.Reports"/>
  <testcase name="TestCase_029_MonthlyReportExportData" time="5.086" classname="TestScript.Reports"/>
  <testcase name="TestCase_030_DailyReport" time="24.119" classname="TestScript.Reports"/>
  <testcase name="TestCase_031_DailyReportsearch" time="7.209" classname="TestScript.Reports"/>
  <testcase name="TestCase_032_DailyReportPDF" time="15.242" classname="TestScript.Reports"/>
  <testcase name="TestCase_033_DailyReportExcel" time="5.1" classname="TestScript.Reports"/>
  <testcase name="TestCase_034_DailyReportExportRawData" time="5.093" classname="TestScript.Reports"/>
  <testcase name="TestCase_035_AdminFinanceReportMonthly" time="21.495" classname="TestScript.AdminFinanceReportTest"/>
  <testcase name="TestCase_036_AdminFinanceReportMonthlySearch" time="7.443" classname="TestScript.AdminFinanceReportTest"/>
  <testcase name="TestCase_037_AdminFinanceReportMonthlyDownloadExcel" time="5.104" classname="TestScript.AdminFinanceReportTest"/>
  <testcase name="TestCase_038_AdminFinanceReportMonthlyDownloadPDF" time="13.198" classname="TestScript.AdminFinanceReportTest"/>
  <testcase name="TestCase_039_AdminFinanceReportMonthlyExportData" time="5.129" classname="TestScript.AdminFinanceReportTest"/>
  <testcase name="TestCase_040_AdminFinanceReportDailyExportData" time="18.251" classname="TestScript.AdminFinanceReportTest"/>
  <testcase name="TestCase_041_AdminFinanceReportDailyExportData" time="7.255" classname="TestScript.AdminFinanceReportTest"/>
  <testcase name="TestCase_042_AdminFinanceReportDailyExportData" time="15.247" classname="TestScript.AdminFinanceReportTest"/>
  <testcase name="TestCase_043_AdminFinanceReportDailyExportData" time="5.625" classname="TestScript.AdminFinanceReportTest"/>
  <testcase name="TestCase_044_AdminFinanceReportDailyExportData" time="5.129" classname="TestScript.AdminFinanceReportTest"/>
  <testcase name="TestCase_045_MonthlyStatementReport" time="17.838" classname="TestScript.AdminFinanceReportTest"/>
  <testcase name="TestCase_046_MonthlyStatementReportSearch" time="12.256" classname="TestScript.AdminFinanceReportTest"/>
  <testcase name="TestCase_047_MonthlyStatementReportDownloadPDF" time="13.282" classname="TestScript.AdminFinanceReportTest"/>
  <testcase name="TestCase_048_MonthlyStatementReportDownloadExcel" time="5.094" classname="TestScript.AdminFinanceReportTest"/>
  <testcase name="TestCase_049_MonthlyStatementReportRawData" time="5.103" classname="TestScript.AdminFinanceReportTest"/>
  <testcase name="TestCase_ShopGroupDelete" time="24.631" classname="TestScript.DeleteAll"/>
  <testcase name="TestCase_DeleteTerminal" time="19.379" classname="TestScript.DeleteAll"/>
  <testcase name="TestCase_031_ShopListDelete" time="111.956" classname="TestScript.DeleteAll"/>
  <testcase name="TestCase_019_UserListForSetting_CreateInternal" time="0.0" classname="TestScript.DeleteAll">
    <ignored/>
  </testcase> <!-- TestCase_019_UserListForSetting_CreateInternal -->
  <testcase name="TestCase_010_PointSchemeUpdateShopList" time="0.0" classname="TestScript.ShopList">
    <ignored/>
  </testcase> <!-- TestCase_010_PointSchemeUpdateShopList -->
  <testcase name="TestCase_016_UserGroupPermission_Internal" time="0.0" classname="TestScript.DeleteAll">
    <ignored/>
  </testcase> <!-- TestCase_016_UserGroupPermission_Internal -->
  <testcase name="TestCase_017_UserGroupPermission_Merchant" time="0.0" classname="TestScript.DeleteAll">
    <ignored/>
  </testcase> <!-- TestCase_017_UserGroupPermission_Merchant -->
  <testcase name="TestCase_018_UserListForSetting_CreateMerchant" time="0.0" classname="TestScript.DeleteAll">
    <ignored/>
  </testcase> <!-- TestCase_018_UserListForSetting_CreateMerchant -->
  <testcase name="TestCase_033_DeleteSetting" time="0.0" classname="TestScript.DeleteAll">
    <ignored/>
  </testcase> <!-- TestCase_033_DeleteSetting -->
</testsuite> <!-- Test -->
