<?xml version="1.0" encoding="UTF-8"?>
<!-- Generated by org.testng.reporters.JUnitXMLReporter -->
<testsuite hostname="sphkrd05" ignored="14" name="Test" tests="1" failures="0" timestamp="2020-07-29T10:14:57 CST" time="42.459" errors="0">
  <testcase name="TestCase_008_PointSchemeUpdateShopList" time="35.764" classname="TestScript.RegressionTest"/>
  <testcase name="TestCase_015_TerminalDownloadExcel" time="0.0" classname="TestScript.RegressionTest">
    <ignored/>
  </testcase> <!-- TestCase_015_TerminalDownloadExcel -->
  <testcase name="TestCase_006_Create_Shop_list" time="0.0" classname="TestScript.RegressionTest">
    <ignored/>
  </testcase> <!-- TestCase_006_Create_Shop_list -->
  <testcase name="TestCase_004_Shop_List_Verify_TradingName01" time="0.0" classname="TestScript.RegressionTest">
    <ignored/>
  </testcase> <!-- TestCase_004_Shop_List_Verify_TradingName01 -->
  <testcase name="TestCase_001_Click_Shop_Group_Management" time="0.0" classname="TestScript.RegressionTest">
    <ignored/>
  </testcase> <!-- TestCase_001_Click_Shop_Group_Management -->
  <testcase name="TestCase_003_Shop_Group_Management_DownloadExcel" time="0.0" classname="TestScript.RegressionTest">
    <ignored/>
  </testcase> <!-- TestCase_003_Shop_Group_Management_DownloadExcel -->
  <testcase name="TestCase_012_CreateTerminal" time="0.0" classname="TestScript.RegressionTest">
    <ignored/>
  </testcase> <!-- TestCase_012_CreateTerminal -->
  <testcase name="TestCase_010_shop_List_DownloadPDF" time="0.0" classname="TestScript.RegressionTest">
    <ignored/>
  </testcase> <!-- TestCase_010_shop_List_DownloadPDF -->
  <testcase name="TestCase_011_shop_List_DownloadExcel" time="0.0" classname="TestScript.RegressionTest">
    <ignored/>
  </testcase> <!-- TestCase_011_shop_List_DownloadExcel -->
  <testcase name="TestCase_013_TerminalSearch" time="0.0" classname="TestScript.RegressionTest">
    <ignored/>
  </testcase> <!-- TestCase_013_TerminalSearch -->
  <testcase name="TestCase_005_Shop_List_Verify_TradingName02" time="0.0" classname="TestScript.RegressionTest">
    <ignored/>
  </testcase> <!-- TestCase_005_Shop_List_Verify_TradingName02 -->
  <testcase name="TestCase_009_shopListAdvSearch" time="0.0" classname="TestScript.RegressionTest">
    <ignored/>
  </testcase> <!-- TestCase_009_shopListAdvSearch -->
  <testcase name="TestCase_002_Shop_Group_Management_DownloadPDF" time="0.0" classname="TestScript.RegressionTest">
    <ignored/>
  </testcase> <!-- TestCase_002_Shop_Group_Management_DownloadPDF -->
  <testcase name="TestCase_007_PointSchemeShopList" time="0.0" classname="TestScript.RegressionTest">
    <ignored/>
  </testcase> <!-- TestCase_007_PointSchemeShopList -->
  <testcase name="TestCase_014_TerminalDownloadPDF" time="0.0" classname="TestScript.RegressionTest">
    <ignored/>
  </testcase> <!-- TestCase_014_TerminalDownloadPDF -->
</testsuite> <!-- Test -->
