<?xml version="1.0" encoding="UTF-8"?>
<!-- Generated by org.testng.reporters.JUnitXMLReporter -->
<testsuite hostname="sphkrd05" ignored="2" name="Test" tests="4" failures="0" timestamp="2020-06-30T11:47:22 CST" time="256.55" errors="0">
  <testcase name="TestCase_001_Click_Shop_menu" time="28.641" classname="TestScript.TestCases"/>
  <testcase name="TestCase_002_Create_Shop_list" time="87.209" classname="TestScript.TestCases"/>
  <testcase name="TestCase_002_Create_Shop_list" time="87.19" classname="TestScript.TestCases"/>
  <testcase name="TestCase_003_Terminal" time="46.319" classname="TestScript.TestCases"/>
  <testcase name="TestCase_002_Create_Shop_list" time="0.0" classname="TestScript.ShopListTestCase">
    <ignored/>
  </testcase> <!-- TestCase_002_Create_Shop_list -->
  <testcase name="setuptestdata" time="0.0" classname="TestScript.ShopListTestCase">
    <ignored/>
  </testcase> <!-- setuptestdata -->
</testsuite> <!-- Test -->
