<?xml version="1.0" encoding="UTF-8"?>
<!-- Generated by org.testng.reporters.JUnitXMLReporter -->
<testsuite hostname="sphkrd05" ignored="4" name="Test" tests="3" failures="1" timestamp="2020-08-04T14:24:08 CST" time="132.648" errors="0">
  <testcase name="TestCase_023_MonthlyReport" time="28.337" classname="TestScript.RegressionTestThree"/>
  <testcase name="TestCase_026_DailyReport" time="29.467" classname="TestScript.RegressionTestThree"/>
  <testcase name="TestCase_030_ShopGroupDelete" time="0.041" classname="TestScript.RegressionTestThree">
    <failure type="org.openqa.selenium.UnhandledAlertException" message="unexpected alert open: {Alert text : No columns data return!}
  (Session info: chrome=84.0.4147.105): No columns data return!
Build info: version: &amp;apos;3.141.59&amp;apos;, revision: &amp;apos;e82be7d358&amp;apos;, time: &amp;apos;2018-11-14T08:17:03&amp;apos;
System info: host: &amp;apos;SPHKRD05&amp;apos;, ip: &amp;apos;10.1.6.189&amp;apos;, os.name: &amp;apos;Windows 10&amp;apos;, os.arch: &amp;apos;amd64&amp;apos;, os.version: &amp;apos;10.0&amp;apos;, java.version: &amp;apos;1.8.0_251&amp;apos;
Driver info: org.openqa.selenium.chrome.ChromeDriver
Capabilities {acceptInsecureCerts: false, browserName: chrome, browserVersion: 84.0.4147.105, chrome: {chromedriverVersion: 83.0.4103.39 (ccbf011cb2d2b..., userDataDir: C:\Users\abhishek.g\AppData...}, goog:chromeOptions: {debuggerAddress: localhost:61124}, javascriptEnabled: true, networkConnectionEnabled: false, pageLoadStrategy: normal, platform: WINDOWS, platformName: WINDOWS, proxy: Proxy(), setWindowRect: true, strictFileInteractability: false, timeouts: {implicit: 0, pageLoad: 300000, script: 30000}, unhandledPromptBehavior: dismiss and notify, webauthn:virtualAuthenticators: true}
Session ID: dfc18af04ff8c4bab96ded210406570c
*** Element info: {Using=xpath, value=//a[@class=&amp;apos;mm-btn mm-btn_next mm-listitem__btn mm-listitem__text&amp;apos;][contains(text(),&amp;apos;Shop&amp;apos;)]}">
      <![CDATA[org.openqa.selenium.UnhandledAlertException: unexpected alert open: {Alert text : No columns data return!}
  (Session info: chrome=84.0.4147.105): No columns data return!
Build info: version: '3.141.59', revision: 'e82be7d358', time: '2018-11-14T08:17:03'
System info: host: 'SPHKRD05', ip: '10.1.6.189', os.name: 'Windows 10', os.arch: 'amd64', os.version: '10.0', java.version: '1.8.0_251'
Driver info: org.openqa.selenium.chrome.ChromeDriver
Capabilities {acceptInsecureCerts: false, browserName: chrome, browserVersion: 84.0.4147.105, chrome: {chromedriverVersion: 83.0.4103.39 (ccbf011cb2d2b..., userDataDir: C:\Users\abhishek.g\AppData...}, goog:chromeOptions: {debuggerAddress: localhost:61124}, javascriptEnabled: true, networkConnectionEnabled: false, pageLoadStrategy: normal, platform: WINDOWS, platformName: WINDOWS, proxy: Proxy(), setWindowRect: true, strictFileInteractability: false, timeouts: {implicit: 0, pageLoad: 300000, script: 30000}, unhandledPromptBehavior: dismiss and notify, webauthn:virtualAuthenticators: true}
Session ID: dfc18af04ff8c4bab96ded210406570c
*** Element info: {Using=xpath, value=//a[@class='mm-btn mm-btn_next mm-listitem__btn mm-listitem__text'][contains(text(),'Shop')]}
at org.openqa.selenium.remote.http.W3CHttpResponseCodec.decode(W3CHttpResponseCodec.java:120)
at org.openqa.selenium.remote.http.W3CHttpResponseCodec.decode(W3CHttpResponseCodec.java:49)
at org.openqa.selenium.remote.HttpCommandExecutor.execute(HttpCommandExecutor.java:158)
at org.openqa.selenium.remote.service.DriverCommandExecutor.execute(DriverCommandExecutor.java:83)
at org.openqa.selenium.remote.RemoteWebDriver.execute(RemoteWebDriver.java:552)
at org.openqa.selenium.remote.RemoteWebDriver.findElement(RemoteWebDriver.java:323)
at org.openqa.selenium.remote.RemoteWebDriver.findElementByXPath(RemoteWebDriver.java:428)
at org.openqa.selenium.By$ByXPath.findElement(By.java:353)
at org.openqa.selenium.remote.RemoteWebDriver.findElement(RemoteWebDriver.java:315)
at DashBoard.ShopGroupManagement.DeleteGroupname(ShopGroupManagement.java:168)
at TestScript.RegressionTestThree.TestCase_030_ShopGroupDelete(RegressionTestThree.java:156)
at java.util.ArrayList.forEach(ArrayList.java:1257)
... Removed 27 stack frames]]>
    </failure>
  </testcase> <!-- TestCase_030_ShopGroupDelete -->
  <testcase name="TestCase_027_DailyReportPDF" time="0.0" classname="TestScript.RegressionTestThree">
    <ignored/>
  </testcase> <!-- TestCase_027_DailyReportPDF -->
  <testcase name="TestCase_028_DailyReportExcel" time="0.0" classname="TestScript.RegressionTestThree">
    <ignored/>
  </testcase> <!-- TestCase_028_DailyReportExcel -->
  <testcase name="TestCase_024_MonthlyReportPDF" time="0.0" classname="TestScript.RegressionTestThree">
    <ignored/>
  </testcase> <!-- TestCase_024_MonthlyReportPDF -->
  <testcase name="TestCase_025_MonthlyReportExcel" time="0.0" classname="TestScript.RegressionTestThree">
    <ignored/>
  </testcase> <!-- TestCase_025_MonthlyReportExcel -->
</testsuite> <!-- Test -->
