<?xml version="1.0" encoding="UTF-8"?>
<!-- Generated by org.testng.reporters.JUnitXMLReporter -->
<testsuite hostname="sphkrd05" ignored="16" name="Test" tests="0" failures="0" timestamp="2020-07-31T09:33:59 CST" time="56.127" errors="0">
  <testcase name="TestCase_027_DailyReportPDF" time="0.0" classname="TestScript.RegressionTestThree">
    <ignored/>
  </testcase> <!-- TestCase_027_DailyReportPDF -->
  <testcase name="TestCase_031_ShopListDelete" time="0.0" classname="TestScript.RegressionTestThree">
    <ignored/>
  </testcase> <!-- TestCase_031_ShopListDelete -->
  <testcase name="TestCase_022_TransactionsDownloadExcel" time="0.0" classname="TestScript.RegressionTestThree">
    <ignored/>
  </testcase> <!-- TestCase_022_TransactionsDownloadExcel -->
  <testcase name="TestCase_019_UserListForSetting_CreateInternal" time="0.0" classname="TestScript.RegressionTestThree">
    <ignored/>
  </testcase> <!-- TestCase_019_UserListForSetting_CreateInternal -->
  <testcase name="TestCase_018_UserListForSetting_CreateMerchant" time="0.0" classname="TestScript.RegressionTestThree">
    <ignored/>
  </testcase> <!-- TestCase_018_UserListForSetting_CreateMerchant -->
  <testcase name="TestCase_030_ShopGroupDelete" time="0.0" classname="TestScript.RegressionTestThree">
    <ignored/>
  </testcase> <!-- TestCase_030_ShopGroupDelete -->
  <testcase name="TestCase_017_UserGroupPermission_Merchant" time="0.0" classname="TestScript.RegressionTestThree">
    <ignored/>
  </testcase> <!-- TestCase_017_UserGroupPermission_Merchant -->
  <testcase name="TestCase_023_MonthlyReport" time="0.0" classname="TestScript.RegressionTestThree">
    <ignored/>
  </testcase> <!-- TestCase_023_MonthlyReport -->
  <testcase name="TestCase_016_UserGroupPermission_Internal" time="0.0" classname="TestScript.RegressionTestThree">
    <ignored/>
  </testcase> <!-- TestCase_016_UserGroupPermission_Internal -->
  <testcase name="TestCase_028_DailyReportExcel" time="0.0" classname="TestScript.RegressionTestThree">
    <ignored/>
  </testcase> <!-- TestCase_028_DailyReportExcel -->
  <testcase name="TestCase_020_Transactions" time="0.0" classname="TestScript.RegressionTestThree">
    <ignored/>
  </testcase> <!-- TestCase_020_Transactions -->
  <testcase name="TestCase_032_DeleteOthers" time="0.0" classname="TestScript.RegressionTestThree">
    <ignored/>
  </testcase> <!-- TestCase_032_DeleteOthers -->
  <testcase name="TestCase_026_DailyReport" time="0.0" classname="TestScript.RegressionTestThree">
    <ignored/>
  </testcase> <!-- TestCase_026_DailyReport -->
  <testcase name="TestCase_021_TransactionsDownloadPDF" time="0.0" classname="TestScript.RegressionTestThree">
    <ignored/>
  </testcase> <!-- TestCase_021_TransactionsDownloadPDF -->
  <testcase name="TestCase_024_MonthlyReportPDF" time="0.0" classname="TestScript.RegressionTestThree">
    <ignored/>
  </testcase> <!-- TestCase_024_MonthlyReportPDF -->
  <testcase name="TestCase_025_MonthlyReportExcel" time="0.0" classname="TestScript.RegressionTestThree">
    <ignored/>
  </testcase> <!-- TestCase_025_MonthlyReportExcel -->
</testsuite> <!-- Test -->
