<?xml version="1.0" encoding="UTF-8"?>
<!-- Generated by org.testng.reporters.JUnitXMLReporter -->
<testsuite hostname="sphkrd05" ignored="17" name="Test" tests="1" failures="0" timestamp="2020-07-13T18:01:42 CST" time="80.422" errors="0">
  <testcase name="TestCase_018_PointSchemeShopList" time="73.753" classname="TestScript.RegressionTest"/>
  <testcase name="TestCase_010_UserListForSetting" time="0.0" classname="TestScript.RegressionTest">
    <ignored/>
  </testcase> <!-- TestCase_010_UserListForSetting -->
  <testcase name="TestCase_001_Click_Shop_menu" time="0.0" classname="TestScript.RegressionTest">
    <ignored/>
  </testcase> <!-- TestCase_001_Click_Shop_menu -->
  <testcase name="TestCase_003_Create_Shop_list" time="0.0" classname="TestScript.RegressionTest">
    <ignored/>
  </testcase> <!-- TestCase_003_Create_Shop_list -->
  <testcase name="TestCase_005_shop_Download" time="0.0" classname="TestScript.RegressionTest">
    <ignored/>
  </testcase> <!-- TestCase_005_shop_Download -->
  <testcase name="TestCase_011_Transactions" time="0.0" classname="TestScript.RegressionTest">
    <ignored/>
  </testcase> <!-- TestCase_011_Transactions -->
  <testcase name="TestCase_016_ShopListDelete" time="0.0" classname="TestScript.RegressionTest">
    <ignored/>
  </testcase> <!-- TestCase_016_ShopListDelete -->
  <testcase name="TestCase_006_Terminal" time="0.0" classname="TestScript.RegressionTest">
    <ignored/>
  </testcase> <!-- TestCase_006_Terminal -->
  <testcase name="TestCase_015_ShopGroupDelete" time="0.0" classname="TestScript.RegressionTest">
    <ignored/>
  </testcase> <!-- TestCase_015_ShopGroupDelete -->
  <testcase name="TestCase_012_TransactionsDownload" time="0.0" classname="TestScript.RegressionTest">
    <ignored/>
  </testcase> <!-- TestCase_012_TransactionsDownload -->
  <testcase name="TestCase_004_shopAdvSearch" time="0.0" classname="TestScript.RegressionTest">
    <ignored/>
  </testcase> <!-- TestCase_004_shopAdvSearch -->
  <testcase name="TestCase_007_TerminalSearch" time="0.0" classname="TestScript.RegressionTest">
    <ignored/>
  </testcase> <!-- TestCase_007_TerminalSearch -->
  <testcase name="TestCase_002_Shop_menu" time="0.0" classname="TestScript.RegressionTest">
    <ignored/>
  </testcase> <!-- TestCase_002_Shop_menu -->
  <testcase name="TestCase_008_TerminalDownload" time="0.0" classname="TestScript.RegressionTest">
    <ignored/>
  </testcase> <!-- TestCase_008_TerminalDownload -->
  <testcase name="TestCase_009_UserGroupPermission" time="0.0" classname="TestScript.RegressionTest">
    <ignored/>
  </testcase> <!-- TestCase_009_UserGroupPermission -->
  <testcase name="TestCase_014_DailyReport" time="0.0" classname="TestScript.RegressionTest">
    <ignored/>
  </testcase> <!-- TestCase_014_DailyReport -->
  <testcase name="TestCase_013_MonthlyReport" time="0.0" classname="TestScript.RegressionTest">
    <ignored/>
  </testcase> <!-- TestCase_013_MonthlyReport -->
  <testcase name="TestCase_017_TerminalnotApollo" time="0.0" classname="TestScript.RegressionTest">
    <ignored/>
  </testcase> <!-- TestCase_017_TerminalnotApollo -->
</testsuite> <!-- Test -->
