<?xml version="1.0" encoding="UTF-8"?>
<!-- Generated by org.testng.reporters.JUnitXMLReporter -->
<testsuite hostname="sphkrd05" ignored="3" name="Test" tests="0" failures="0" timestamp="2020-07-08T15:08:13 CST" time="10.306" errors="0">
  <testcase name="TestCase_003_UserGroupPermission" time="0.0" classname="TestScript.ShopListTestCase">
    <ignored/>
  </testcase> <!-- TestCase_003_UserGroupPermission -->
  <testcase name="TestCase_003_Terminal" time="0.0" classname="TestScript.TestCases">
    <ignored/>
  </testcase> <!-- TestCase_003_Terminal -->
  <testcase name="TestCase_002_Create_Shop_list" time="0.0" classname="TestScript.TestCases">
    <ignored/>
  </testcase> <!-- TestCase_002_Create_Shop_list -->
</testsuite> <!-- Test -->
