<?xml version="1.0" encoding="UTF-8"?>
<!-- Generated by org.testng.reporters.JUnitXMLReporter -->
<testsuite hostname="sphkrd05" ignored="10" name="Test" tests="1" failures="0" timestamp="2020-07-27T15:30:49 CST" time="21.654" errors="0">
  <testcase name="TestCase_001_Click_Shop_menu" time="14.061" classname="TestScript.RegressionTest"/>
  <testcase name="TestCase_010_shop_DownloadPDF" time="0.0" classname="TestScript.RegressionTest">
    <ignored/>
  </testcase> <!-- TestCase_010_shop_DownloadPDF -->
  <testcase name="TestCase_008_PointSchemeUpdateShopList" time="0.0" classname="TestScript.RegressionTest">
    <ignored/>
  </testcase> <!-- TestCase_008_PointSchemeUpdateShopList -->
  <testcase name="TestCase_006_PointSchemeShopList" time="0.0" classname="TestScript.RegressionTest">
    <ignored/>
  </testcase> <!-- TestCase_006_PointSchemeShopList -->
  <testcase name="TestCase_006_Create_Shop_list" time="0.0" classname="TestScript.RegressionTest">
    <ignored/>
  </testcase> <!-- TestCase_006_Create_Shop_list -->
  <testcase name="TestCase_002_Shop_menu_DownloadPDF" time="0.0" classname="TestScript.RegressionTest">
    <ignored/>
  </testcase> <!-- TestCase_002_Shop_menu_DownloadPDF -->
  <testcase name="TestCase_004_Shop_menu_Verifym" time="0.0" classname="TestScript.RegressionTest">
    <ignored/>
  </testcase> <!-- TestCase_004_Shop_menu_Verifym -->
  <testcase name="TestCase_011_shop_DownloadExcel" time="0.0" classname="TestScript.RegressionTest">
    <ignored/>
  </testcase> <!-- TestCase_011_shop_DownloadExcel -->
  <testcase name="TestCase_009_shopAdvSearch" time="0.0" classname="TestScript.RegressionTest">
    <ignored/>
  </testcase> <!-- TestCase_009_shopAdvSearch -->
  <testcase name="TestCase_003_Shop_menu_DownloadExcel" time="0.0" classname="TestScript.RegressionTest">
    <ignored/>
  </testcase> <!-- TestCase_003_Shop_menu_DownloadExcel -->
  <testcase name="TestCase_005_Shop_menu_Verifys" time="0.0" classname="TestScript.RegressionTest">
    <ignored/>
  </testcase> <!-- TestCase_005_Shop_menu_Verifys -->
</testsuite> <!-- Test -->
