<?xml version="1.0" encoding="UTF-8"?>
<!-- Generated by org.testng.reporters.JUnitXMLReporter -->
<testsuite hostname="sphkrd05" ignored="2" name="Test" tests="4" failures="0" timestamp="2020-07-02T09:50:55 CST" time="278.451" errors="0">
  <testcase name="TestCase_001_Click_Shop_menu" time="23.473" classname="TestScript.TestCases"/>
  <testcase name="TestCase_002_Create_Shop_list" time="87.24" classname="TestScript.TestCases"/>
  <testcase name="TestCase_002_Create_Shop_list" time="87.011" classname="TestScript.TestCases"/>
  <testcase name="TestCase_003_Terminal" time="46.139" classname="TestScript.TestCases"/>
  <testcase name="TestCase_002_Create_Shop_list" time="0.0" classname="TestScript.ShopListTestCase">
    <ignored/>
  </testcase> <!-- TestCase_002_Create_Shop_list -->
  <testcase name="setuptestdata" time="0.0" classname="TestScript.ShopListTestCase">
    <ignored/>
  </testcase> <!-- setuptestdata -->
</testsuite> <!-- Test -->
