<?xml version="1.0" encoding="UTF-8"?>
<!-- Generated by org.testng.reporters.JUnitXMLReporter -->
<testsuite hostname="sphkrd05" ignored="30" name="Test" tests="1" failures="1" timestamp="2020-07-24T10:07:11 CST" time="30.221" errors="0">
  <testcase name="TestCase_001_Click_Shop_menu" time="3.221" classname="TestScript.RegressionTest">
    <failure type="org.openqa.selenium.ElementClickInterceptedException" message="element click intercepted: Element &amp;lt;a class=&amp;quot;mm-btn mm-btn_next mm-listitem__btn mm-listitem__text&amp;quot; href=&amp;quot;#mm-1&amp;quot; aria-owns=&amp;quot;mm-1&amp;quot; aria-haspopup=&amp;quot;true&amp;quot;&amp;gt;...&amp;lt;/a&amp;gt; is not clickable at point (171, 110). Other element would receive the click: &amp;lt;h1&amp;gt;...&amp;lt;/h1&amp;gt;
  (Session info: chrome=84.0.4147.89)
Build info: version: &amp;apos;3.141.59&amp;apos;, revision: &amp;apos;e82be7d358&amp;apos;, time: &amp;apos;2018-11-14T08:17:03&amp;apos;
System info: host: &amp;apos;SPHKRD05&amp;apos;, ip: &amp;apos;10.1.6.189&amp;apos;, os.name: &amp;apos;Windows 10&amp;apos;, os.arch: &amp;apos;amd64&amp;apos;, os.version: &amp;apos;10.0&amp;apos;, java.version: &amp;apos;1.8.0_251&amp;apos;
Driver info: org.openqa.selenium.chrome.ChromeDriver
Capabilities {acceptInsecureCerts: false, browserName: chrome, browserVersion: 84.0.4147.89, chrome: {chromedriverVersion: 83.0.4103.39 (ccbf011cb2d2b..., userDataDir: C:\Users\abhishek.g\AppData...}, goog:chromeOptions: {debuggerAddress: localhost:52896}, javascriptEnabled: true, networkConnectionEnabled: false, pageLoadStrategy: normal, platform: WINDOWS, platformName: WINDOWS, proxy: Proxy(), setWindowRect: true, strictFileInteractability: false, timeouts: {implicit: 0, pageLoad: 300000, script: 30000}, unhandledPromptBehavior: dismiss and notify, webauthn:virtualAuthenticators: true}
Session ID: 16d551277bb8c9031cf15d041dc03393">
      <![CDATA[org.openqa.selenium.ElementClickInterceptedException: element click intercepted: Element <a class="mm-btn mm-btn_next mm-listitem__btn mm-listitem__text" href="#mm-1" aria-owns="mm-1" aria-haspopup="true">...</a> is not clickable at point (171, 110). Other element would receive the click: <h1>...</h1>
  (Session info: chrome=84.0.4147.89)
Build info: version: '3.141.59', revision: 'e82be7d358', time: '2018-11-14T08:17:03'
System info: host: 'SPHKRD05', ip: '10.1.6.189', os.name: 'Windows 10', os.arch: 'amd64', os.version: '10.0', java.version: '1.8.0_251'
Driver info: org.openqa.selenium.chrome.ChromeDriver
Capabilities {acceptInsecureCerts: false, browserName: chrome, browserVersion: 84.0.4147.89, chrome: {chromedriverVersion: 83.0.4103.39 (ccbf011cb2d2b..., userDataDir: C:\Users\abhishek.g\AppData...}, goog:chromeOptions: {debuggerAddress: localhost:52896}, javascriptEnabled: true, networkConnectionEnabled: false, pageLoadStrategy: normal, platform: WINDOWS, platformName: WINDOWS, proxy: Proxy(), setWindowRect: true, strictFileInteractability: false, timeouts: {implicit: 0, pageLoad: 300000, script: 30000}, unhandledPromptBehavior: dismiss and notify, webauthn:virtualAuthenticators: true}
Session ID: 16d551277bb8c9031cf15d041dc03393
at org.openqa.selenium.remote.http.W3CHttpResponseCodec.createException(W3CHttpResponseCodec.java:187)
at org.openqa.selenium.remote.http.W3CHttpResponseCodec.decode(W3CHttpResponseCodec.java:122)
at org.openqa.selenium.remote.http.W3CHttpResponseCodec.decode(W3CHttpResponseCodec.java:49)
at org.openqa.selenium.remote.HttpCommandExecutor.execute(HttpCommandExecutor.java:158)
at org.openqa.selenium.remote.service.DriverCommandExecutor.execute(DriverCommandExecutor.java:83)
at org.openqa.selenium.remote.RemoteWebDriver.execute(RemoteWebDriver.java:552)
at org.openqa.selenium.remote.RemoteWebElement.execute(RemoteWebElement.java:285)
at org.openqa.selenium.remote.RemoteWebElement.click(RemoteWebElement.java:84)
at DashBoard.ShopGroupManagement.Createshop(ShopGroupManagement.java:39)
at TestScript.RegressionTest.TestCase_001_Click_Shop_menu(RegressionTest.java:40)
at java.util.ArrayList.forEach(ArrayList.java:1257)
... Removed 35 stack frames]]>
    </failure>
  </testcase> <!-- TestCase_001_Click_Shop_menu -->
  <testcase name="TestCase_026_DailyReportPDF" time="0.0" classname="TestScript.RegressionTest">
    <ignored/>
  </testcase> <!-- TestCase_026_DailyReportPDF -->
  <testcase name="TestCase_005_Create_Shop_list" time="0.0" classname="TestScript.RegressionTest">
    <ignored/>
  </testcase> <!-- TestCase_005_Create_Shop_list -->
  <testcase name="TestCase_021_TransactionsDownloadExcel" time="0.0" classname="TestScript.RegressionTest">
    <ignored/>
  </testcase> <!-- TestCase_021_TransactionsDownloadExcel -->
  <testcase name="TestCase_010_shop_DownloadExcel" time="0.0" classname="TestScript.RegressionTest">
    <ignored/>
  </testcase> <!-- TestCase_010_shop_DownloadExcel -->
  <testcase name="TestCase_014_TerminalDownloadExcel" time="0.0" classname="TestScript.RegressionTest">
    <ignored/>
  </testcase> <!-- TestCase_014_TerminalDownloadExcel -->
  <testcase name="TestCase_023_MonthlyReportPDF" time="0.0" classname="TestScript.RegressionTest">
    <ignored/>
  </testcase> <!-- TestCase_023_MonthlyReportPDF -->
  <testcase name="TestCase_011_Terminal" time="0.0" classname="TestScript.RegressionTest">
    <ignored/>
  </testcase> <!-- TestCase_011_Terminal -->
  <testcase name="TestCase_006_PointSchemeShopList" time="0.0" classname="TestScript.RegressionTest">
    <ignored/>
  </testcase> <!-- TestCase_006_PointSchemeShopList -->
  <testcase name="TestCase_008_shopAdvSearch" time="0.0" classname="TestScript.RegressionTest">
    <ignored/>
  </testcase> <!-- TestCase_008_shopAdvSearch -->
  <testcase name="TestCase_018_UserListForSetting_CreateInternal" time="0.0" classname="TestScript.RegressionTest">
    <ignored/>
  </testcase> <!-- TestCase_018_UserListForSetting_CreateInternal -->
  <testcase name="TestCase_004_Shop_menu_Verify" time="0.0" classname="TestScript.RegressionTest">
    <ignored/>
  </testcase> <!-- TestCase_004_Shop_menu_Verify -->
  <testcase name="TestCase_022_MonthlyReport" time="0.0" classname="TestScript.RegressionTest">
    <ignored/>
  </testcase> <!-- TestCase_022_MonthlyReport -->
  <testcase name="TestCase_012_TerminalSearch" time="0.0" classname="TestScript.RegressionTest">
    <ignored/>
  </testcase> <!-- TestCase_012_TerminalSearch -->
  <testcase name="TestCase_030_ShopListDelete" time="0.0" classname="TestScript.RegressionTest">
    <ignored/>
  </testcase> <!-- TestCase_030_ShopListDelete -->
  <testcase name="TestCase_027_DailyReportExcel" time="0.0" classname="TestScript.RegressionTest">
    <ignored/>
  </testcase> <!-- TestCase_027_DailyReportExcel -->
  <testcase name="TestCase_017_UserListForSetting_CreateMerchant" time="0.0" classname="TestScript.RegressionTest">
    <ignored/>
  </testcase> <!-- TestCase_017_UserListForSetting_CreateMerchant -->
  <testcase name="TestCase_019_Transactions" time="0.0" classname="TestScript.RegressionTest">
    <ignored/>
  </testcase> <!-- TestCase_019_Transactions -->
  <testcase name="TestCase_002_Shop_menu_DownloadPDF" time="0.0" classname="TestScript.RegressionTest">
    <ignored/>
  </testcase> <!-- TestCase_002_Shop_menu_DownloadPDF -->
  <testcase name="TestCase_031_DeleteOthers" time="0.0" classname="TestScript.RegressionTest">
    <ignored/>
  </testcase> <!-- TestCase_031_DeleteOthers -->
  <testcase name="TestCase_003_Shop_menu_DownloadExcel" time="0.0" classname="TestScript.RegressionTest">
    <ignored/>
  </testcase> <!-- TestCase_003_Shop_menu_DownloadExcel -->
  <testcase name="TestCase_029_ShopGroupDelete" time="0.0" classname="TestScript.RegressionTest">
    <ignored/>
  </testcase> <!-- TestCase_029_ShopGroupDelete -->
  <testcase name="TestCase_007_PointSchemeUpdateShopList" time="0.0" classname="TestScript.RegressionTest">
    <ignored/>
  </testcase> <!-- TestCase_007_PointSchemeUpdateShopList -->
  <testcase name="TestCase_028_TerminalnotApollo" time="0.0" classname="TestScript.RegressionTest">
    <ignored/>
  </testcase> <!-- TestCase_028_TerminalnotApollo -->
  <testcase name="TestCase_025_DailyReport" time="0.0" classname="TestScript.RegressionTest">
    <ignored/>
  </testcase> <!-- TestCase_025_DailyReport -->
  <testcase name="TestCase_015_UserGroupPermission_Internal" time="0.0" classname="TestScript.RegressionTest">
    <ignored/>
  </testcase> <!-- TestCase_015_UserGroupPermission_Internal -->
  <testcase name="TestCase_013_TerminalDownloadPDF" time="0.0" classname="TestScript.RegressionTest">
    <ignored/>
  </testcase> <!-- TestCase_013_TerminalDownloadPDF -->
  <testcase name="TestCase_024_MonthlyReportExcel" time="0.0" classname="TestScript.RegressionTest">
    <ignored/>
  </testcase> <!-- TestCase_024_MonthlyReportExcel -->
  <testcase name="TestCase_020_TransactionsDownloadPDF" time="0.0" classname="TestScript.RegressionTest">
    <ignored/>
  </testcase> <!-- TestCase_020_TransactionsDownloadPDF -->
  <testcase name="TestCase_016_UserGroupPermission_Merchant" time="0.0" classname="TestScript.RegressionTest">
    <ignored/>
  </testcase> <!-- TestCase_016_UserGroupPermission_Merchant -->
  <testcase name="TestCase_009_shop_DownloadPDF" time="0.0" classname="TestScript.RegressionTest">
    <ignored/>
  </testcase> <!-- TestCase_009_shop_DownloadPDF -->
</testsuite> <!-- Test -->
