<?xml version="1.0" encoding="UTF-8"?>
<!-- Generated by org.testng.reporters.JUnitXMLReporter -->
<testsuite hostname="sphkrd05" ignored="0" name="Test" tests="19" failures="1" timestamp="2020-07-14T10:00:42 CST" time="704.195" errors="0">
  <testcase name="TestCase_001_Click_Shop_menu" time="39.909" classname="TestScript.RegressionTest"/>
  <testcase name="TestCase_002_Shop_menu" time="19.122" classname="TestScript.RegressionTest"/>
  <testcase name="TestCase_003_Create_Shop_list" time="91.737" classname="TestScript.RegressionTest"/>
  <testcase name="TestCase_003_Create_Shop_list" time="91.355" classname="TestScript.RegressionTest"/>
  <testcase name="TestCase_004_PointSchemeShopList" time="72.892" classname="TestScript.RegressionTest"/>
  <testcase name="TestCase_005_shopAdvSearch" time="30.129" classname="TestScript.RegressionTest"/>
  <testcase name="TestCase_006_shop_Download" time="13.544" classname="TestScript.RegressionTest"/>
  <testcase name="TestCase_007_Terminal" time="21.072" classname="TestScript.RegressionTest"/>
  <testcase name="TestCase_008_TerminalSearch" time="24.572" classname="TestScript.RegressionTest"/>
  <testcase name="TestCase_009_TerminalDownload" time="13.552" classname="TestScript.RegressionTest"/>
  <testcase name="TestCase_010_UserGroupPermission" time="42.75" classname="TestScript.RegressionTest"/>
  <testcase name="TestCase_011_UserListForSetting" time="61.169" classname="TestScript.RegressionTest"/>
  <testcase name="TestCase_012_Transactions" time="27.005" classname="TestScript.RegressionTest"/>
  <testcase name="TestCase_013_TransactionsDownload" time="6.591" classname="TestScript.RegressionTest"/>
  <testcase name="TestCase_014_MonthlyReport" time="30.858" classname="TestScript.RegressionTest">
    <failure type="java.lang.AssertionError" message="Failed to download Expected document expected [true] but found [false]">
      <![CDATA[java.lang.AssertionError: Failed to download Expected document expected [true] but found [false]
at DashBoard.MonthlyReport.ReportDownloadExcel(MonthlyReport.java:95)
at TestScript.RegressionTest.TestCase_014_MonthlyReport(RegressionTest.java:170)
at java.util.ArrayList.forEach(ArrayList.java:1257)
... Removed 34 stack frames]]>
    </failure>
  </testcase> <!-- TestCase_014_MonthlyReport -->
  <testcase name="TestCase_015_DailyReport" time="30.389" classname="TestScript.RegressionTest"/>
  <testcase name="TestCase_016_ShopGroupDelete" time="21.923" classname="TestScript.RegressionTest"/>
  <testcase name="TestCase_017_ShopListDelete" time="29.726" classname="TestScript.RegressionTest"/>
  <testcase name="TestCase_018_TerminalnotApollo" time="27.241" classname="TestScript.RegressionTest"/>
</testsuite> <!-- Test -->
