<?xml version="1.0" encoding="UTF-8"?>
<testsuite xmlns:xsi="http://www.w3.org/2001/XMLSchema-instance" xsi:noNamespaceSchemaLocation="https://maven.apache.org/surefire/maven-surefire-plugin/xsd/surefire-test-report-3.0.xsd" version="3.0" name="TestSuite" time="704.935" tests="19" errors="0" skipped="0" failures="1">
  <properties>
[...]
</properties>
  <testcase name="TestCase_001_Click_Shop_menu" classname="TestScript.RegressionTest" time="39.903">
    <system-out><![CDATA[Tue Jul 14 09:48:57 CST 2020
https://vips.spectratech.com:9443/index.php
SpectraTech - WebApp Login
Create Shop Group ..
No data available in table
Create a new group
Shop Group is created ..
]]></system-out>
    <system-err><![CDATA[Starting ChromeDriver 83.0.4103.39 (ccbf011cb2d2b19b506d844400483861342c20cd-refs/branch-heads/4103@{#416}) on port 48570
Only local connections are allowed.
Please see https://chromedriver.chromium.org/security-considerations for suggestions on keeping ChromeDriver safe.
ChromeDriver was started successfully.
Jul 14, 2020 9:49:01 AM org.openqa.selenium.remote.ProtocolHandshake createSession
INFO: Detected dialect: W3C
]]></system-err>
  </testcase>
  <testcase name="TestCase_002_Shop_menu" classname="TestScript.RegressionTest" time="19.123">
    <system-out><![CDATA[Group PDF downloaded..
Group Excel downloaded..
]]></system-out>
  </testcase>
  <testcase name="TestCase_003_Create_Shop_list[0101222222, Mannings, Mong, A111, GHD222, ANM1, Thanks, HK, F-23, Wan Chi, Wai, Account, 547754747, a@gmail.com, G1, 3, 2, 2, ABC, 1, 1, thanks for Shopping, Thanks, Sale, Good Day, One, No](1)" classname="TestScript.RegressionTest" time="91.743">
    <system-out><![CDATA[dropdown values are Please Select
dropdown values are 2 HOTELS F&B & RETAILS OUTLET (INCLUDING VOL)
dropdown values are CONRAD HOTEL CONCIERGE
dropdown values are HOLIDAY INN CONCIERGE
dropdown values are SANDS - ENTERTAINMENT
dropdown values are SANDS - F&B
dropdown values are SANDS - HOTEL
dropdown values are SANDS - MISCELLANEOUS
dropdown values are SANDS - RETAIL
dropdown values are SPECTRA - Sample Merchant
dropdown values are Upload - Conrad
dropdown values are Upload - Cotai Jet Ticketing
dropdown values are Upload - Entertainment Ticketing
dropdown values are Upload - Holiday Inn
dropdown values are Upload - Hotel
dropdown values are Upload - Parisian
dropdown values are Upload - Sands
dropdown values are Upload - Venetian
dropdown values are VENETIAN - F&B
dropdown values are VENETIAN - HOTEL
dropdown values are VENETIAN - MISCELLANEOUS
dropdown values are VENETIAN - OTHERS
dropdown values are VENETIAN - RETAIL
]]></system-out>
  </testcase>
  <testcase name="TestCase_003_Create_Shop_list[0202333333, Seven11, Kong, A121, GHD333, ANM2, Thanks, HK, F-21, NP, Man, IT, 34636636, a@gmail.com, G2, 4, 5, 4, DEF, 3, 3, Welcome Back, Thanks, Sale, Good Day, Two, Yes](2)" classname="TestScript.RegressionTest" time="91.359">
    <system-out><![CDATA[dropdown values are Please Select
dropdown values are 2 HOTELS F&B & RETAILS OUTLET (INCLUDING VOL)
dropdown values are CONRAD HOTEL CONCIERGE
dropdown values are HOLIDAY INN CONCIERGE
dropdown values are SANDS - ENTERTAINMENT
dropdown values are SANDS - F&B
dropdown values are SANDS - HOTEL
dropdown values are SANDS - MISCELLANEOUS
dropdown values are SANDS - RETAIL
dropdown values are SPECTRA - Sample Merchant
dropdown values are Upload - Conrad
dropdown values are Upload - Cotai Jet Ticketing
dropdown values are Upload - Entertainment Ticketing
dropdown values are Upload - Holiday Inn
dropdown values are Upload - Hotel
dropdown values are Upload - Parisian
dropdown values are Upload - Sands
dropdown values are Upload - Venetian
dropdown values are VENETIAN - F&B
dropdown values are VENETIAN - HOTEL
dropdown values are VENETIAN - MISCELLANEOUS
dropdown values are VENETIAN - OTHERS
dropdown values are VENETIAN - RETAIL
]]></system-out>
  </testcase>
  <testcase name="TestCase_004_PointSchemeShopList" classname="TestScript.RegressionTest" time="72.889">
    <system-out><![CDATA[Create Point Scheme from shop list
Update Point Scheme from shop list
]]></system-out>
  </testcase>
  <testcase name="TestCase_005_shopAdvSearch" classname="TestScript.RegressionTest" time="30.142">
    <system-out><![CDATA[click on new Item from shop list
dropdown values are Please Select
dropdown values are AG1asdvc
dropdown values are Cotai Service (Cotai Jet)
dropdown values are Entertainment Ticketing
dropdown values are F&B
dropdown values are Hotel (Conrad)
dropdown values are Hotel (Holiday Inn)
dropdown values are Hotel (Venetian & Sands)
dropdown values are IE Spectra SQA
dropdown values are MICE
dropdown values are MOKO
dropdown values are Non-VML Retail Store
dropdown values are Spectra MIS
dropdown values are Spectra QA
dropdown values are Spectra SQA
dropdown values are tsdf23
dropdown values are vytestin _ 213 0
dropdown values are Please Select
dropdown values are 88 - North
dropdown values are 88 - South
dropdown values are 88 - West
dropdown values are 888 Las Vegas Buffet - Sands
dropdown values are abhi shop 06
dropdown values are BAMBU
dropdown values are Banquet - Sands
dropdown values are BAR AZUL
dropdown values are BAR FLORIAN
dropdown values are BELINA BAR
dropdown values are BOUTIQUE G
dropdown values are BOUTIQUE V
dropdown values are CANTON
dropdown values are Casino Floor - Four Season
dropdown values are Casino Floor - Venetian
dropdown values are COMO POOLSIDE CAFE'
dropdown values are Conrad Lobby Lounge
dropdown values are Do Mar
dropdown values are Dynasty 8
dropdown values are EMPOIRO
dropdown values are ert
dropdown values are EXPO
dropdown values are Food Court - Sands
dropdown values are FOUR SEASONS DIPLOMAT
dropdown values are Golden Court - Sands
dropdown values are Grand Orbit
dropdown values are Health Spa - Sands
dropdown values are Health Spa Kiosk - Sands
dropdown values are Holiday Inn Lobby Lounge
dropdown values are Ice World Kiosk
dropdown values are IE Spectra shop
dropdown values are ILLY CAFE
dropdown values are IMPER HOUSE SIM SUM
dropdown values are IN SUITE DINING
dropdown values are In-suite Bar - Venetian
dropdown values are In-suite Dining - Sands
dropdown values are Limo Service - Sands
dropdown values are Lucky Express
dropdown values are MAIN LOBBY
dropdown values are MANCHESTER UNITED
dropdown values are Mannings
dropdown values are Minibar Sands Tower - Sands
dropdown values are Moonlight Food Mkt - Sands
dropdown values are NORTH
dropdown values are North
dropdown values are PAIZA BAR
dropdown values are Paiza Club - C1 - Sands
dropdown values are Paiza Club - Guest - Sands
dropdown values are Paiza Club - L3 - Sands
dropdown values are PAIZA DINING
dropdown values are PING
dropdown values are Pool/Cabana - Venetian
dropdown values are PORTOFINO
dropdown values are QUBE
dropdown values are RECREATION
dropdown values are RED DRAGON
dropdown values are Retail - Venetian
dropdown values are Rice Empire
dropdown values are Room Service - Sands
dropdown values are Ruby Room - Sands
dropdown values are Salon - Sands
dropdown values are SAN LUCA KIOSK
dropdown values are Sands Hotel - Sands
dropdown values are Sands Macau Hotel - Sands
dropdown values are Sands Theatre - Sands
dropdown values are SDHFL1
dropdown values are Seven11
dropdown values are SHOP 2
dropdown values are SHOP 4
dropdown values are SHOP 7**
dropdown values are Southern Kitchen
dropdown values are Spa - Sands
dropdown values are Spa - Venetian
dropdown values are Spectra
dropdown values are Spectra QA Shop
dropdown values are Spectra QA Shop 1
dropdown values are Spectra QA Shop 2
dropdown values are SPECTRA Sample Shop
dropdown values are SpectraMIS shop1
dropdown values are Steakhouse - Sands
dropdown values are Transportation - Venetian
dropdown values are Upload - Conrad
dropdown values are Upload - Cotai Jet Ticketing
dropdown values are Upload - Entertainment Ticketing
dropdown values are Upload - Holiday Inn
dropdown values are Upload - Hotel
dropdown values are Upload - Parisian
dropdown values are Upload - Sands
dropdown values are Upload - Venetian
dropdown values are VTL Ticketing - Sands
dropdown values are vy 999
dropdown values are vytes
dropdown values are Welcome
dropdown values are WEST LOBBY
dropdown values are Winner Circle Bar - Sands
dropdown values are Xanadu - Sands
dropdown values are Yum Cha
dropdown values are Please Select
dropdown values are 2 HOTELS F&B & RETAILS OUTLET (INCLUDING VOL)
dropdown values are CONRAD HOTEL CONCIERGE
dropdown values are HOLIDAY INN CONCIERGE
dropdown values are SANDS - ENTERTAINMENT
dropdown values are SANDS - F&B
dropdown values are SANDS - HOTEL
dropdown values are SANDS - MISCELLANEOUS
dropdown values are SANDS - RETAIL
dropdown values are SPECTRA - Sample Merchant
dropdown values are Upload - Conrad
dropdown values are Upload - Cotai Jet Ticketing
dropdown values are Upload - Entertainment Ticketing
dropdown values are Upload - Holiday Inn
dropdown values are Upload - Hotel
dropdown values are Upload - Parisian
dropdown values are Upload - Sands
dropdown values are Upload - Venetian
dropdown values are VENETIAN - F&B
dropdown values are VENETIAN - HOTEL
dropdown values are VENETIAN - MISCELLANEOUS
dropdown values are VENETIAN - OTHERS
dropdown values are VENETIAN - RETAIL
]]></system-out>
  </testcase>
  <testcase name="TestCase_006_shop_Download" classname="TestScript.RegressionTest" time="13.534"/>
  <testcase name="TestCase_007_Terminal" classname="TestScript.RegressionTest" time="21.083">
    <system-out><![CDATA[Create a Terminal..
dropdown values are Please Select
dropdown values are 88 - North
dropdown values are 88 - South
dropdown values are 88 - West
dropdown values are 888 Las Vegas Buffet - Sands
dropdown values are abhi shop 06
dropdown values are BAMBU
dropdown values are Banquet - Sands
dropdown values are BAR AZUL
dropdown values are BAR FLORIAN
dropdown values are BELINA BAR
dropdown values are BOUTIQUE G
dropdown values are BOUTIQUE V
dropdown values are CANTON
dropdown values are Casino Floor - Four Season
dropdown values are Casino Floor - Venetian
dropdown values are COMO POOLSIDE CAFE'
dropdown values are Conrad Lobby Lounge
dropdown values are Do Mar
dropdown values are Dynasty 8
dropdown values are EMPOIRO
dropdown values are ert
dropdown values are EXPO
dropdown values are Food Court - Sands
dropdown values are FOUR SEASONS DIPLOMAT
dropdown values are Golden Court - Sands
dropdown values are Grand Orbit
dropdown values are Health Spa - Sands
dropdown values are Health Spa Kiosk - Sands
dropdown values are Holiday Inn Lobby Lounge
dropdown values are Ice World Kiosk
dropdown values are IE Spectra shop
dropdown values are ILLY CAFE
dropdown values are IMPER HOUSE SIM SUM
dropdown values are IN SUITE DINING
dropdown values are In-suite Bar - Venetian
dropdown values are In-suite Dining - Sands
dropdown values are Limo Service - Sands
dropdown values are Lucky Express
dropdown values are MAIN LOBBY
dropdown values are MANCHESTER UNITED
dropdown values are Mannings
dropdown values are Minibar Sands Tower - Sands
dropdown values are Moonlight Food Mkt - Sands
dropdown values are NORTH
dropdown values are North
dropdown values are PAIZA BAR
dropdown values are Paiza Club - C1 - Sands
dropdown values are Paiza Club - Guest - Sands
dropdown values are Paiza Club - L3 - Sands
dropdown values are PAIZA DINING
dropdown values are PING
dropdown values are Pool/Cabana - Venetian
dropdown values are PORTOFINO
dropdown values are QUBE
dropdown values are RECREATION
dropdown values are RED DRAGON
dropdown values are Retail - Venetian
dropdown values are Rice Empire
dropdown values are Room Service - Sands
dropdown values are Ruby Room - Sands
dropdown values are Salon - Sands
dropdown values are SAN LUCA KIOSK
dropdown values are Sands Hotel - Sands
dropdown values are Sands Macau Hotel - Sands
dropdown values are Sands Theatre - Sands
dropdown values are SDHFL1
dropdown values are Seven11
dropdown values are SHOP 2
dropdown values are SHOP 4
dropdown values are SHOP 7**
dropdown values are Southern Kitchen
dropdown values are Spa - Sands
dropdown values are Spa - Venetian
dropdown values are Spectra
dropdown values are Spectra QA Shop
dropdown values are Spectra QA Shop 1
dropdown values are Spectra QA Shop 2
dropdown values are SPECTRA Sample Shop
dropdown values are SpectraMIS shop1
dropdown values are Steakhouse - Sands
dropdown values are Transportation - Venetian
dropdown values are Upload - Conrad
dropdown values are Upload - Cotai Jet Ticketing
dropdown values are Upload - Entertainment Ticketing
dropdown values are Upload - Holiday Inn
dropdown values are Upload - Hotel
dropdown values are Upload - Parisian
dropdown values are Upload - Sands
dropdown values are Upload - Venetian
dropdown values are VTL Ticketing - Sands
dropdown values are vy 999
dropdown values are vytes
dropdown values are Welcome
dropdown values are WEST LOBBY
dropdown values are Winner Circle Bar - Sands
dropdown values are Xanadu - Sands
dropdown values are Yum Cha
]]></system-out>
  </testcase>
  <testcase name="TestCase_008_TerminalSearch" classname="TestScript.RegressionTest" time="24.563">
    <system-out><![CDATA[Advanced search start for Terminal..
dropdown values are Please Select
dropdown values are 2 HOTELS F&B & RETAILS OUTLET (INCLUDING VOL)
dropdown values are CONRAD HOTEL CONCIERGE
dropdown values are HOLIDAY INN CONCIERGE
dropdown values are SANDS - ENTERTAINMENT
dropdown values are SANDS - F&B
dropdown values are SANDS - HOTEL
dropdown values are SANDS - MISCELLANEOUS
dropdown values are SANDS - RETAIL
dropdown values are SPECTRA - Sample Merchant
dropdown values are Upload - Conrad
dropdown values are Upload - Cotai Jet Ticketing
dropdown values are Upload - Entertainment Ticketing
dropdown values are Upload - Holiday Inn
dropdown values are Upload - Hotel
dropdown values are Upload - Parisian
dropdown values are Upload - Sands
dropdown values are Upload - Venetian
dropdown values are VENETIAN - F&B
dropdown values are VENETIAN - HOTEL
dropdown values are VENETIAN - MISCELLANEOUS
dropdown values are VENETIAN - OTHERS
dropdown values are VENETIAN - RETAIL
]]></system-out>
  </testcase>
  <testcase name="TestCase_009_TerminalDownload" classname="TestScript.RegressionTest" time="13.551"/>
  <testcase name="TestCase_010_UserGroupPermission" classname="TestScript.RegressionTest" time="42.751">
    <system-out><![CDATA[Create Internal User Group..
Create Merchant User Group..
click on setting menu..
]]></system-out>
  </testcase>
  <testcase name="TestCase_011_UserListForSetting" classname="TestScript.RegressionTest" time="61.178">
    <system-out><![CDATA[Create user list for Merchant..
dropdown values are Please Select
dropdown values are 88 - North
dropdown values are 88 - South
dropdown values are 88 - West
dropdown values are 888 Las Vegas Buffet - Sands
dropdown values are abhi shop 06
dropdown values are BAMBU
dropdown values are Banquet - Sands
dropdown values are BAR AZUL
dropdown values are BAR FLORIAN
dropdown values are BELINA BAR
dropdown values are BOUTIQUE G
dropdown values are BOUTIQUE V
dropdown values are CANTON
dropdown values are Casino Floor - Four Season
dropdown values are Casino Floor - Venetian
dropdown values are COMO POOLSIDE CAFE'
dropdown values are Conrad Lobby Lounge
dropdown values are Do Mar
dropdown values are Dynasty 8
dropdown values are EMPOIRO
dropdown values are ert
dropdown values are EXPO
dropdown values are Food Court - Sands
dropdown values are FOUR SEASONS DIPLOMAT
dropdown values are Golden Court - Sands
dropdown values are Grand Orbit
dropdown values are Health Spa - Sands
dropdown values are Health Spa Kiosk - Sands
dropdown values are Holiday Inn Lobby Lounge
dropdown values are Ice World Kiosk
dropdown values are IE Spectra shop
dropdown values are ILLY CAFE
dropdown values are IMPER HOUSE SIM SUM
dropdown values are IN SUITE DINING
dropdown values are In-suite Bar - Venetian
dropdown values are In-suite Dining - Sands
dropdown values are Limo Service - Sands
dropdown values are Lucky Express
dropdown values are MAIN LOBBY
dropdown values are MANCHESTER UNITED
dropdown values are Mannings
dropdown values are Minibar Sands Tower - Sands
dropdown values are Moonlight Food Mkt - Sands
dropdown values are NORTH
dropdown values are North
dropdown values are PAIZA BAR
dropdown values are Paiza Club - C1 - Sands
dropdown values are Paiza Club - Guest - Sands
dropdown values are Paiza Club - L3 - Sands
dropdown values are PAIZA DINING
dropdown values are PING
dropdown values are Pool/Cabana - Venetian
dropdown values are PORTOFINO
dropdown values are QUBE
dropdown values are RECREATION
dropdown values are RED DRAGON
dropdown values are Retail - Venetian
dropdown values are Rice Empire
dropdown values are Room Service - Sands
dropdown values are Ruby Room - Sands
dropdown values are Salon - Sands
dropdown values are SAN LUCA KIOSK
dropdown values are Sands Hotel - Sands
dropdown values are Sands Macau Hotel - Sands
dropdown values are Sands Theatre - Sands
dropdown values are SDHFL1
dropdown values are Seven11
dropdown values are SHOP 2
dropdown values are SHOP 4
dropdown values are SHOP 7**
dropdown values are Southern Kitchen
dropdown values are Spa - Sands
dropdown values are Spa - Venetian
dropdown values are Spectra
dropdown values are Spectra QA Shop
dropdown values are Spectra QA Shop 1
dropdown values are Spectra QA Shop 2
dropdown values are SPECTRA Sample Shop
dropdown values are SpectraMIS shop1
dropdown values are Steakhouse - Sands
dropdown values are Transportation - Venetian
dropdown values are Upload - Conrad
dropdown values are Upload - Cotai Jet Ticketing
dropdown values are Upload - Entertainment Ticketing
dropdown values are Upload - Holiday Inn
dropdown values are Upload - Hotel
dropdown values are Upload - Parisian
dropdown values are Upload - Sands
dropdown values are Upload - Venetian
dropdown values are VTL Ticketing - Sands
dropdown values are vy 999
dropdown values are vytes
dropdown values are Welcome
dropdown values are WEST LOBBY
dropdown values are Winner Circle Bar - Sands
dropdown values are Xanadu - Sands
dropdown values are Yum Cha
Create user list for Internal..
]]></system-out>
  </testcase>
  <testcase name="TestCase_012_Transactions" classname="TestScript.RegressionTest" time="27.002">
    <system-out><![CDATA[Advanced Search for Transactions..
dropdown values are Please Select
dropdown values are [Sales Trans. Type]
dropdown values are Sales
dropdown values are Void Sale
dropdown values are Sales Reversal
dropdown values are Void Sale Reversal
dropdown values are [Balance Enquiry]
dropdown values are [Settlement Type]
dropdown values are Terminal Settlement
dropdown values are Upload Transaction
dropdown values are [Parameter Type]
dropdown values are Parameter Download
dropdown values are Terminal Sync.
dropdown values are Please Select
dropdown values are DIAMOND
dropdown values are GOLD
dropdown values are GREY
dropdown values are JUNKET SAPPHIRE
dropdown values are PLATINUM
dropdown values are PREMIUM
dropdown values are RUBY
dropdown values are SUPER1
dropdown values are twetw
14
]]></system-out>
  </testcase>
  <testcase name="TestCase_013_TransactionsDownload" classname="TestScript.RegressionTest" time="6.587">
    <system-out><![CDATA[PDF downloaded for Transactions..
Excel downloaded for Transactions..
]]></system-out>
  </testcase>
  <testcase name="TestCase_014_MonthlyReport" classname="TestScript.RegressionTest" time="31.266">
    <failure message="Failed to download Expected document expected [true] but found [false]" type="java.lang.AssertionError"><![CDATA[java.lang.AssertionError: Failed to download Expected document expected [true] but found [false]
	at TestScript.RegressionTest.TestCase_014_MonthlyReport(RegressionTest.java:170)
]]></failure>
    <system-out><![CDATA[Create a Monthly Report..
Destination isC:\Users\abhishek.g\eclipse-workspace\VIPSystemSCLAutomation\test-output\Screenshots\TestCase_014_MonthlyReport20200714095852.png
]]></system-out>
  </testcase>
  <testcase name="TestCase_015_DailyReport" classname="TestScript.RegressionTest" time="30.389">
    <system-out><![CDATA[Create a Daily Report..
14
]]></system-out>
  </testcase>
  <testcase name="TestCase_016_ShopGroupDelete" classname="TestScript.RegressionTest" time="21.922"/>
  <testcase name="TestCase_017_ShopListDelete" classname="TestScript.RegressionTest" time="29.736">
    <system-out><![CDATA[dropdown values are Please Select
dropdown values are 88 - North
dropdown values are 88 - South
dropdown values are 88 - West
dropdown values are 888 Las Vegas Buffet - Sands
dropdown values are abhi shop 06
dropdown values are BAMBU
dropdown values are Banquet - Sands
dropdown values are BAR AZUL
dropdown values are BAR FLORIAN
dropdown values are BELINA BAR
dropdown values are BOUTIQUE G
dropdown values are BOUTIQUE V
dropdown values are CANTON
dropdown values are Casino Floor - Four Season
dropdown values are Casino Floor - Venetian
dropdown values are COMO POOLSIDE CAFE'
dropdown values are Conrad Lobby Lounge
dropdown values are Do Mar
dropdown values are Dynasty 8
dropdown values are EMPOIRO
dropdown values are ert
dropdown values are EXPO
dropdown values are Food Court - Sands
dropdown values are FOUR SEASONS DIPLOMAT
dropdown values are Golden Court - Sands
dropdown values are Grand Orbit
dropdown values are Health Spa - Sands
dropdown values are Health Spa Kiosk - Sands
dropdown values are Holiday Inn Lobby Lounge
dropdown values are Ice World Kiosk
dropdown values are IE Spectra shop
dropdown values are ILLY CAFE
dropdown values are IMPER HOUSE SIM SUM
dropdown values are IN SUITE DINING
dropdown values are In-suite Bar - Venetian
dropdown values are In-suite Dining - Sands
dropdown values are Limo Service - Sands
dropdown values are Lucky Express
dropdown values are MAIN LOBBY
dropdown values are MANCHESTER UNITED
dropdown values are Mannings
dropdown values are Minibar Sands Tower - Sands
dropdown values are Moonlight Food Mkt - Sands
dropdown values are NORTH
dropdown values are North
dropdown values are PAIZA BAR
dropdown values are Paiza Club - C1 - Sands
dropdown values are Paiza Club - Guest - Sands
dropdown values are Paiza Club - L3 - Sands
dropdown values are PAIZA DINING
dropdown values are PING
dropdown values are Pool/Cabana - Venetian
dropdown values are PORTOFINO
dropdown values are QUBE
dropdown values are RECREATION
dropdown values are RED DRAGON
dropdown values are Retail - Venetian
dropdown values are Rice Empire
dropdown values are Room Service - Sands
dropdown values are Ruby Room - Sands
dropdown values are Salon - Sands
dropdown values are SAN LUCA KIOSK
dropdown values are Sands Hotel - Sands
dropdown values are Sands Macau Hotel - Sands
dropdown values are Sands Theatre - Sands
dropdown values are SDHFL1
dropdown values are Seven11
dropdown values are SHOP 2
dropdown values are SHOP 4
dropdown values are SHOP 7**
dropdown values are Southern Kitchen
dropdown values are Spa - Sands
dropdown values are Spa - Venetian
dropdown values are Spectra
dropdown values are Spectra QA Shop
dropdown values are Spectra QA Shop 1
dropdown values are Spectra QA Shop 2
dropdown values are SPECTRA Sample Shop
dropdown values are SpectraMIS shop1
dropdown values are Steakhouse - Sands
dropdown values are Transportation - Venetian
dropdown values are Upload - Conrad
dropdown values are Upload - Cotai Jet Ticketing
dropdown values are Upload - Entertainment Ticketing
dropdown values are Upload - Holiday Inn
dropdown values are Upload - Hotel
dropdown values are Upload - Parisian
dropdown values are Upload - Sands
dropdown values are Upload - Venetian
dropdown values are VTL Ticketing - Sands
dropdown values are vy 999
dropdown values are vytes
dropdown values are Welcome
dropdown values are WEST LOBBY
dropdown values are Winner Circle Bar - Sands
dropdown values are Xanadu - Sands
dropdown values are Yum Cha
]]></system-out>
  </testcase>
  <testcase name="TestCase_018_TerminalnotApollo" classname="TestScript.RegressionTest" time="27.231">
    <system-out><![CDATA[Create if not Apollo terminal
]]></system-out>
  </testcase>
</testsuite>