<?xml version="1.0" encoding="UTF-8"?>
<testng-results skipped="0" failed="1" ignored="4" total="32" passed="27">
  <reporter-output>
  </reporter-output>
  <suite name="Suite" duration-ms="757536" started-at="2020-07-30T12:31:47 CST" finished-at="2020-07-30T12:44:24 CST">
    <groups>
    </groups>
    <test name="Test" duration-ms="757536" started-at="2020-07-30T12:31:47 CST" finished-at="2020-07-30T12:44:24 CST">
      <class name="TestScript.RegressionTestThree">
        <test-method status="PASS" signature="BaseCar(java.lang.String)[pri:0, instance:TestScript.RegressionTestThree@6a2b953e]" name="BaseCar" is-config="true" duration-ms="6739" started-at="2020-07-30T12:38:59 CST" finished-at="2020-07-30T12:39:06 CST">
          <params>
            <param index="0">
              <value>
                <![CDATA[chrome]]>
              </value>
            </param>
          </params>
          <reporter-output>
          </reporter-output>
        </test-method> <!-- BaseCar -->
        <test-method status="PASS" signature="TestCase_016_UserGroupPermission_Internal()[pri:1, instance:TestScript.RegressionTestThree@6a2b953e]" name="TestCase_016_UserGroupPermission_Internal" duration-ms="25210" started-at="2020-07-30T12:39:06 CST" finished-at="2020-07-30T12:39:31 CST">
          <reporter-output>
          </reporter-output>
        </test-method> <!-- TestCase_016_UserGroupPermission_Internal -->
        <test-method status="PASS" signature="TestCase_017_UserGroupPermission_Merchant()[pri:2, instance:TestScript.RegressionTestThree@6a2b953e]" name="TestCase_017_UserGroupPermission_Merchant" duration-ms="25008" started-at="2020-07-30T12:39:31 CST" finished-at="2020-07-30T12:39:56 CST">
          <reporter-output>
          </reporter-output>
        </test-method> <!-- TestCase_017_UserGroupPermission_Merchant -->
        <test-method status="PASS" signature="TestCase_018_UserListForSetting_CreateMerchant()[pri:3, instance:TestScript.RegressionTestThree@6a2b953e]" name="TestCase_018_UserListForSetting_CreateMerchant" duration-ms="37884" started-at="2020-07-30T12:39:56 CST" finished-at="2020-07-30T12:40:34 CST">
          <reporter-output>
          </reporter-output>
        </test-method> <!-- TestCase_018_UserListForSetting_CreateMerchant -->
        <test-method status="PASS" signature="TestCase_019_UserListForSetting_CreateInternal()[pri:4, instance:TestScript.RegressionTestThree@6a2b953e]" name="TestCase_019_UserListForSetting_CreateInternal" duration-ms="26459" started-at="2020-07-30T12:40:34 CST" finished-at="2020-07-30T12:41:01 CST">
          <reporter-output>
          </reporter-output>
        </test-method> <!-- TestCase_019_UserListForSetting_CreateInternal -->
        <test-method status="PASS" signature="TestCase_020_Transactions()[pri:5, instance:TestScript.RegressionTestThree@6a2b953e]" name="TestCase_020_Transactions" duration-ms="41666" started-at="2020-07-30T12:41:01 CST" finished-at="2020-07-30T12:41:42 CST">
          <reporter-output>
          </reporter-output>
        </test-method> <!-- TestCase_020_Transactions -->
        <test-method status="PASS" signature="TestCase_021_TransactionsDownloadPDF()[pri:6, instance:TestScript.RegressionTestThree@6a2b953e]" name="TestCase_021_TransactionsDownloadPDF" duration-ms="3743" started-at="2020-07-30T12:41:42 CST" finished-at="2020-07-30T12:41:46 CST">
          <reporter-output>
          </reporter-output>
        </test-method> <!-- TestCase_021_TransactionsDownloadPDF -->
        <test-method status="PASS" signature="TestCase_022_TransactionsDownloadExcel()[pri:7, instance:TestScript.RegressionTestThree@6a2b953e]" name="TestCase_022_TransactionsDownloadExcel" duration-ms="3189" started-at="2020-07-30T12:41:46 CST" finished-at="2020-07-30T12:41:49 CST">
          <reporter-output>
          </reporter-output>
        </test-method> <!-- TestCase_022_TransactionsDownloadExcel -->
        <test-method status="FAIL" signature="TestCase_023_MonthlyReport()[pri:8, instance:TestScript.RegressionTestThree@6a2b953e]" name="TestCase_023_MonthlyReport" duration-ms="16556" started-at="2020-07-30T12:41:49 CST" finished-at="2020-07-30T12:42:06 CST">
          <exception class="org.openqa.selenium.NoSuchElementException">
            <message>
              <![CDATA[Cannot locate option with index: 8
For documentation on this error, please visit: https://www.seleniumhq.org/exceptions/no_such_element.html
Build info: version: '3.141.59', revision: 'e82be7d358', time: '2018-11-14T08:17:03'
System info: host: 'SPHKRD05', ip: '10.1.6.189', os.name: 'Windows 10', os.arch: 'amd64', os.version: '10.0', java.version: '1.8.0_251'
Driver info: driver.version: unknown]]>
            </message>
            <full-stacktrace>
              <![CDATA[org.openqa.selenium.NoSuchElementException: Cannot locate option with index: 8
For documentation on this error, please visit: https://www.seleniumhq.org/exceptions/no_such_element.html
Build info: version: '3.141.59', revision: 'e82be7d358', time: '2018-11-14T08:17:03'
System info: host: 'SPHKRD05', ip: '10.1.6.189', os.name: 'Windows 10', os.arch: 'amd64', os.version: '10.0', java.version: '1.8.0_251'
Driver info: driver.version: unknown
at org.openqa.selenium.support.ui.Select.setSelectedByIndex(Select.java:297)
at org.openqa.selenium.support.ui.Select.selectByIndex(Select.java:172)
at DashBoard.MonthlyReport.ReportMonthly(MonthlyReport.java:79)
at TestScript.RegressionTestThree.TestCase_023_MonthlyReport(RegressionTestThree.java:93)
at sun.reflect.NativeMethodAccessorImpl.invoke0(Native Method)
at sun.reflect.NativeMethodAccessorImpl.invoke(NativeMethodAccessorImpl.java:62)
at sun.reflect.DelegatingMethodAccessorImpl.invoke(DelegatingMethodAccessorImpl.java:43)
at java.lang.reflect.Method.invoke(Method.java:498)
at org.testng.internal.MethodInvocationHelper.invokeMethod(MethodInvocationHelper.java:135)
at org.testng.internal.TestInvoker.invokeMethod(TestInvoker.java:598)
at org.testng.internal.TestInvoker.invokeTestMethod(TestInvoker.java:174)
at org.testng.internal.MethodRunner.runInSequence(MethodRunner.java:46)
at org.testng.internal.TestInvoker$MethodInvocationAgent.invoke(TestInvoker.java:821)
at org.testng.internal.TestInvoker.invokeTestMethods(TestInvoker.java:147)
at org.testng.internal.TestMethodWorker.invokeTestMethods(TestMethodWorker.java:146)
at org.testng.internal.TestMethodWorker.run(TestMethodWorker.java:128)
at java.util.ArrayList.forEach(ArrayList.java:1257)
at org.testng.TestRunner.privateRun(TestRunner.java:767)
at org.testng.TestRunner.run(TestRunner.java:588)
at org.testng.SuiteRunner.runTest(SuiteRunner.java:384)
at org.testng.SuiteRunner.runSequentially(SuiteRunner.java:378)
at org.testng.SuiteRunner.privateRun(SuiteRunner.java:337)
at org.testng.SuiteRunner.run(SuiteRunner.java:286)
at org.testng.SuiteRunnerWorker.runSuite(SuiteRunnerWorker.java:53)
at org.testng.SuiteRunnerWorker.run(SuiteRunnerWorker.java:96)
at org.testng.TestNG.runSuitesSequentially(TestNG.java:1214)
at org.testng.TestNG.runSuitesLocally(TestNG.java:1136)
at org.testng.TestNG.runSuites(TestNG.java:1066)
at org.testng.TestNG.run(TestNG.java:1034)
at org.testng.remote.AbstractRemoteTestNG.run(AbstractRemoteTestNG.java:115)
at org.testng.remote.RemoteTestNG.initAndRun(RemoteTestNG.java:251)
at org.testng.remote.RemoteTestNG.main(RemoteTestNG.java:77)
]]>
            </full-stacktrace>
          </exception> <!-- org.openqa.selenium.NoSuchElementException -->
          <reporter-output>
          </reporter-output>
        </test-method> <!-- TestCase_023_MonthlyReport -->
        <test-method status="PASS" signature="TestCase_026_DailyReport()[pri:11, instance:TestScript.RegressionTestThree@6a2b953e]" name="TestCase_026_DailyReport" duration-ms="26575" started-at="2020-07-30T12:42:06 CST" finished-at="2020-07-30T12:42:33 CST">
          <reporter-output>
          </reporter-output>
        </test-method> <!-- TestCase_026_DailyReport -->
        <test-method status="PASS" signature="TestCase_030_ShopGroupDelete()[pri:14, instance:TestScript.RegressionTestThree@6a2b953e]" name="TestCase_030_ShopGroupDelete" duration-ms="22083" started-at="2020-07-30T12:42:33 CST" finished-at="2020-07-30T12:42:55 CST">
          <reporter-output>
          </reporter-output>
        </test-method> <!-- TestCase_030_ShopGroupDelete -->
        <test-method status="PASS" signature="TestCase_031_ShopListDelete()[pri:15, instance:TestScript.RegressionTestThree@6a2b953e]" name="TestCase_031_ShopListDelete" duration-ms="70212" started-at="2020-07-30T12:42:55 CST" finished-at="2020-07-30T12:44:05 CST">
          <reporter-output>
          </reporter-output>
        </test-method> <!-- TestCase_031_ShopListDelete -->
        <test-method status="PASS" signature="TestCase_032_DeleteOthers()[pri:16, instance:TestScript.RegressionTestThree@6a2b953e]" name="TestCase_032_DeleteOthers" duration-ms="19041" started-at="2020-07-30T12:44:05 CST" finished-at="2020-07-30T12:44:24 CST">
          <reporter-output>
          </reporter-output>
        </test-method> <!-- TestCase_032_DeleteOthers -->
        <test-method status="PASS" signature="teardown()[pri:0, instance:TestScript.RegressionTestThree@6a2b953e]" name="teardown" is-config="true" duration-ms="0" started-at="2020-07-30T12:44:24 CST" finished-at="2020-07-30T12:44:24 CST">
          <reporter-output>
          </reporter-output>
        </test-method> <!-- teardown -->
      </class> <!-- TestScript.RegressionTestThree -->
      <class name="TestScript.RegressionTest">
        <test-method status="PASS" signature="BaseCar(java.lang.String)[pri:0, instance:TestScript.RegressionTest@6ff29830]" name="BaseCar" is-config="true" duration-ms="7008" started-at="2020-07-30T12:31:47 CST" finished-at="2020-07-30T12:31:54 CST">
          <params>
            <param index="0">
              <value>
                <![CDATA[chrome]]>
              </value>
            </param>
          </params>
          <reporter-output>
          </reporter-output>
        </test-method> <!-- BaseCar -->
        <test-method status="PASS" signature="TestCase_001_Click_Shop_Group_Management()[pri:1, instance:TestScript.RegressionTest@6ff29830]" name="TestCase_001_Click_Shop_Group_Management" duration-ms="16990" started-at="2020-07-30T12:31:54 CST" finished-at="2020-07-30T12:32:11 CST">
          <reporter-output>
          </reporter-output>
        </test-method> <!-- TestCase_001_Click_Shop_Group_Management -->
        <test-method status="PASS" signature="TestCase_002_Shop_Group_Management_DownloadPDF()[pri:2, instance:TestScript.RegressionTest@6ff29830]" name="TestCase_002_Shop_Group_Management_DownloadPDF" duration-ms="9654" started-at="2020-07-30T12:32:11 CST" finished-at="2020-07-30T12:32:20 CST">
          <reporter-output>
          </reporter-output>
        </test-method> <!-- TestCase_002_Shop_Group_Management_DownloadPDF -->
        <test-method status="PASS" signature="TestCase_003_Shop_Group_Management_DownloadExcel()[pri:3, instance:TestScript.RegressionTest@6ff29830]" name="TestCase_003_Shop_Group_Management_DownloadExcel" duration-ms="9491" started-at="2020-07-30T12:32:20 CST" finished-at="2020-07-30T12:32:30 CST">
          <reporter-output>
          </reporter-output>
        </test-method> <!-- TestCase_003_Shop_Group_Management_DownloadExcel -->
        <test-method status="PASS" signature="TestCase_004_Shop_List_Verify_TradingName01()[pri:4, instance:TestScript.RegressionTest@6ff29830]" name="TestCase_004_Shop_List_Verify_TradingName01" duration-ms="9747" started-at="2020-07-30T12:32:30 CST" finished-at="2020-07-30T12:32:40 CST">
          <reporter-output>
          </reporter-output>
        </test-method> <!-- TestCase_004_Shop_List_Verify_TradingName01 -->
        <test-method status="PASS" signature="TestCase_005_Shop_List_Verify_TradingName02()[pri:5, instance:TestScript.RegressionTest@6ff29830]" name="TestCase_005_Shop_List_Verify_TradingName02" duration-ms="9684" started-at="2020-07-30T12:32:40 CST" finished-at="2020-07-30T12:32:49 CST">
          <reporter-output>
          </reporter-output>
        </test-method> <!-- TestCase_005_Shop_List_Verify_TradingName02 -->
        <test-method status="PASS" signature="TestCase_006_Create_Shop_list(java.lang.String, java.lang.String, java.lang.String, java.lang.String, java.lang.String, java.lang.String, java.lang.String, java.lang.String, java.lang.String, java.lang.String, java.lang.String, java.lang.String, java.lang.String, java.lang.String, java.lang.String, java.lang.String, java.lang.String, java.lang.String, java.lang.String, java.lang.String, java.lang.String, java.lang.String, java.lang.String, java.lang.String, java.lang.String, java.lang.String)[pri:6, instance:TestScript.RegressionTest@6ff29830]" name="TestCase_006_Create_Shop_list" duration-ms="90287" started-at="2020-07-30T12:32:50 CST" data-provider="getContactsTestData" finished-at="2020-07-30T12:34:20 CST">
          <params>
            <param index="0">
              <value>
                <![CDATA[Mannings]]>
              </value>
            </param>
            <param index="1">
              <value>
                <![CDATA[Mong]]>
              </value>
            </param>
            <param index="2">
              <value>
                <![CDATA[A111]]>
              </value>
            </param>
            <param index="3">
              <value>
                <![CDATA[GHD222]]>
              </value>
            </param>
            <param index="4">
              <value>
                <![CDATA[ANM1]]>
              </value>
            </param>
            <param index="5">
              <value>
                <![CDATA[Thanks]]>
              </value>
            </param>
            <param index="6">
              <value>
                <![CDATA[HK]]>
              </value>
            </param>
            <param index="7">
              <value>
                <![CDATA[F-23]]>
              </value>
            </param>
            <param index="8">
              <value>
                <![CDATA[Wan Chi]]>
              </value>
            </param>
            <param index="9">
              <value>
                <![CDATA[Wai]]>
              </value>
            </param>
            <param index="10">
              <value>
                <![CDATA[Account]]>
              </value>
            </param>
            <param index="11">
              <value>
                <![CDATA[547754747]]>
              </value>
            </param>
            <param index="12">
              <value>
                <![CDATA[a@gmail.com]]>
              </value>
            </param>
            <param index="13">
              <value>
                <![CDATA[G1]]>
              </value>
            </param>
            <param index="14">
              <value>
                <![CDATA[3]]>
              </value>
            </param>
            <param index="15">
              <value>
                <![CDATA[2]]>
              </value>
            </param>
            <param index="16">
              <value>
                <![CDATA[2]]>
              </value>
            </param>
            <param index="17">
              <value>
                <![CDATA[ABC]]>
              </value>
            </param>
            <param index="18">
              <value>
                <![CDATA[1]]>
              </value>
            </param>
            <param index="19">
              <value>
                <![CDATA[1]]>
              </value>
            </param>
            <param index="20">
              <value>
                <![CDATA[thanks for Shopping]]>
              </value>
            </param>
            <param index="21">
              <value>
                <![CDATA[Thanks]]>
              </value>
            </param>
            <param index="22">
              <value>
                <![CDATA[Sale]]>
              </value>
            </param>
            <param index="23">
              <value>
                <![CDATA[Good Day]]>
              </value>
            </param>
            <param index="24">
              <value>
                <![CDATA[One]]>
              </value>
            </param>
            <param index="25">
              <value>
                <![CDATA[No]]>
              </value>
            </param>
          </params>
          <reporter-output>
          </reporter-output>
        </test-method> <!-- TestCase_006_Create_Shop_list -->
        <test-method status="PASS" signature="TestCase_006_Create_Shop_list(java.lang.String, java.lang.String, java.lang.String, java.lang.String, java.lang.String, java.lang.String, java.lang.String, java.lang.String, java.lang.String, java.lang.String, java.lang.String, java.lang.String, java.lang.String, java.lang.String, java.lang.String, java.lang.String, java.lang.String, java.lang.String, java.lang.String, java.lang.String, java.lang.String, java.lang.String, java.lang.String, java.lang.String, java.lang.String, java.lang.String)[pri:6, instance:TestScript.RegressionTest@6ff29830]" name="TestCase_006_Create_Shop_list" duration-ms="90186" started-at="2020-07-30T12:34:20 CST" data-provider="getContactsTestData" finished-at="2020-07-30T12:35:50 CST">
          <params>
            <param index="0">
              <value>
                <![CDATA[Seven11]]>
              </value>
            </param>
            <param index="1">
              <value>
                <![CDATA[Kong]]>
              </value>
            </param>
            <param index="2">
              <value>
                <![CDATA[A121]]>
              </value>
            </param>
            <param index="3">
              <value>
                <![CDATA[GHD333]]>
              </value>
            </param>
            <param index="4">
              <value>
                <![CDATA[ANM2]]>
              </value>
            </param>
            <param index="5">
              <value>
                <![CDATA[Thanks]]>
              </value>
            </param>
            <param index="6">
              <value>
                <![CDATA[HK]]>
              </value>
            </param>
            <param index="7">
              <value>
                <![CDATA[F-21]]>
              </value>
            </param>
            <param index="8">
              <value>
                <![CDATA[NP]]>
              </value>
            </param>
            <param index="9">
              <value>
                <![CDATA[Man]]>
              </value>
            </param>
            <param index="10">
              <value>
                <![CDATA[IT]]>
              </value>
            </param>
            <param index="11">
              <value>
                <![CDATA[34636636]]>
              </value>
            </param>
            <param index="12">
              <value>
                <![CDATA[a@gmail.com]]>
              </value>
            </param>
            <param index="13">
              <value>
                <![CDATA[G2]]>
              </value>
            </param>
            <param index="14">
              <value>
                <![CDATA[4]]>
              </value>
            </param>
            <param index="15">
              <value>
                <![CDATA[5]]>
              </value>
            </param>
            <param index="16">
              <value>
                <![CDATA[4]]>
              </value>
            </param>
            <param index="17">
              <value>
                <![CDATA[DEF]]>
              </value>
            </param>
            <param index="18">
              <value>
                <![CDATA[3]]>
              </value>
            </param>
            <param index="19">
              <value>
                <![CDATA[3]]>
              </value>
            </param>
            <param index="20">
              <value>
                <![CDATA[Welcome Back]]>
              </value>
            </param>
            <param index="21">
              <value>
                <![CDATA[Thanks]]>
              </value>
            </param>
            <param index="22">
              <value>
                <![CDATA[Sale]]>
              </value>
            </param>
            <param index="23">
              <value>
                <![CDATA[Good Day]]>
              </value>
            </param>
            <param index="24">
              <value>
                <![CDATA[Two]]>
              </value>
            </param>
            <param index="25">
              <value>
                <![CDATA[Yes]]>
              </value>
            </param>
          </params>
          <reporter-output>
          </reporter-output>
        </test-method> <!-- TestCase_006_Create_Shop_list -->
        <test-method status="PASS" signature="TestCase_007_PointSchemeShopList()[pri:7, instance:TestScript.RegressionTest@6ff29830]" name="TestCase_007_PointSchemeShopList" duration-ms="42707" started-at="2020-07-30T12:35:50 CST" finished-at="2020-07-30T12:36:33 CST">
          <reporter-output>
          </reporter-output>
        </test-method> <!-- TestCase_007_PointSchemeShopList -->
        <test-method status="PASS" signature="TestCase_008_PointSchemeUpdateShopList()[pri:8, instance:TestScript.RegressionTest@6ff29830]" name="TestCase_008_PointSchemeUpdateShopList" duration-ms="37864" started-at="2020-07-30T12:36:33 CST" finished-at="2020-07-30T12:37:11 CST">
          <reporter-output>
          </reporter-output>
        </test-method> <!-- TestCase_008_PointSchemeUpdateShopList -->
        <test-method status="PASS" signature="TestCase_009_shopListAdvSearch()[pri:9, instance:TestScript.RegressionTest@6ff29830]" name="TestCase_009_shopListAdvSearch" duration-ms="31902" started-at="2020-07-30T12:37:11 CST" finished-at="2020-07-30T12:37:43 CST">
          <reporter-output>
          </reporter-output>
        </test-method> <!-- TestCase_009_shopListAdvSearch -->
        <test-method status="PASS" signature="TestCase_010_shop_List_DownloadPDF()[pri:10, instance:TestScript.RegressionTest@6ff29830]" name="TestCase_010_shop_List_DownloadPDF" duration-ms="8153" started-at="2020-07-30T12:37:43 CST" finished-at="2020-07-30T12:37:51 CST">
          <reporter-output>
          </reporter-output>
        </test-method> <!-- TestCase_010_shop_List_DownloadPDF -->
        <test-method status="PASS" signature="TestCase_011_shop_List_DownloadExcel()[pri:11, instance:TestScript.RegressionTest@6ff29830]" name="TestCase_011_shop_List_DownloadExcel" duration-ms="8525" started-at="2020-07-30T12:37:51 CST" finished-at="2020-07-30T12:37:59 CST">
          <reporter-output>
          </reporter-output>
        </test-method> <!-- TestCase_011_shop_List_DownloadExcel -->
        <test-method status="PASS" signature="TestCase_012_CreateTerminal()[pri:12, instance:TestScript.RegressionTest@6ff29830]" name="TestCase_012_CreateTerminal" duration-ms="21715" started-at="2020-07-30T12:37:59 CST" finished-at="2020-07-30T12:38:21 CST">
          <reporter-output>
          </reporter-output>
        </test-method> <!-- TestCase_012_CreateTerminal -->
        <test-method status="PASS" signature="TestCase_013_TerminalSearch()[pri:13, instance:TestScript.RegressionTest@6ff29830]" name="TestCase_013_TerminalSearch" duration-ms="24556" started-at="2020-07-30T12:38:21 CST" finished-at="2020-07-30T12:38:46 CST">
          <reporter-output>
          </reporter-output>
        </test-method> <!-- TestCase_013_TerminalSearch -->
        <test-method status="PASS" signature="TestCase_014_TerminalDownloadPDF()[pri:14, instance:TestScript.RegressionTest@6ff29830]" name="TestCase_014_TerminalDownloadPDF" duration-ms="7237" started-at="2020-07-30T12:38:46 CST" finished-at="2020-07-30T12:38:53 CST">
          <reporter-output>
          </reporter-output>
        </test-method> <!-- TestCase_014_TerminalDownloadPDF -->
        <test-method status="PASS" signature="TestCase_015_TerminalDownloadExcel()[pri:15, instance:TestScript.RegressionTest@6ff29830]" name="TestCase_015_TerminalDownloadExcel" duration-ms="6482" started-at="2020-07-30T12:38:53 CST" finished-at="2020-07-30T12:38:59 CST">
          <reporter-output>
          </reporter-output>
        </test-method> <!-- TestCase_015_TerminalDownloadExcel -->
        <test-method status="PASS" signature="teardown()[pri:0, instance:TestScript.RegressionTest@6ff29830]" name="teardown" is-config="true" duration-ms="1" started-at="2020-07-30T12:38:59 CST" finished-at="2020-07-30T12:38:59 CST">
          <reporter-output>
          </reporter-output>
        </test-method> <!-- teardown -->
      </class> <!-- TestScript.RegressionTest -->
    </test> <!-- Test -->
  </suite> <!-- Suite -->
</testng-results>
